[2025-11-13T13:49:02.256+0000] {taskinstance.py:1956} INFO - Dependencies all met for dep_context=non-requeueable deps ti=<TaskInstance: carga_pacientes_fhir_bonus_v1.etl_pacientes_csv_para_fhir manual__2025-11-13T12:53:35.992477+00:00 [queued]>
[2025-11-13T13:49:02.260+0000] {taskinstance.py:1956} INFO - Dependencies all met for dep_context=requeueable deps ti=<TaskInstance: carga_pacientes_fhir_bonus_v1.etl_pacientes_csv_para_fhir manual__2025-11-13T12:53:35.992477+00:00 [queued]>
[2025-11-13T13:49:02.261+0000] {taskinstance.py:2170} INFO - Starting attempt 6 of 6
[2025-11-13T13:49:02.271+0000] {taskinstance.py:2191} INFO - Executing <Task(_PythonDecoratedOperator): etl_pacientes_csv_para_fhir> on 2025-11-13 12:53:35.992477+00:00
[2025-11-13T13:49:02.277+0000] {standard_task_runner.py:60} INFO - Started process 111 to run task
[2025-11-13T13:49:02.280+0000] {standard_task_runner.py:87} INFO - Running: ['***', 'tasks', 'run', 'carga_pacientes_fhir_bonus_v1', 'etl_pacientes_csv_para_fhir', 'manual__2025-11-13T12:53:35.992477+00:00', '--job-id', '10', '--raw', '--subdir', 'DAGS_FOLDER/carga_pacientes_dag.py', '--cfg-path', '/tmp/tmp97_y946i']
[2025-11-13T13:49:02.280+0000] {standard_task_runner.py:88} INFO - Job 10: Subtask etl_pacientes_csv_para_fhir
[2025-11-13T13:49:02.314+0000] {task_command.py:423} INFO - Running <TaskInstance: carga_pacientes_fhir_bonus_v1.etl_pacientes_csv_para_fhir manual__2025-11-13T12:53:35.992477+00:00 [running]> on host f51843ef899a
[2025-11-13T13:49:02.365+0000] {taskinstance.py:2480} INFO - Exporting env vars: AIRFLOW_CTX_DAG_OWNER='***' AIRFLOW_CTX_DAG_ID='carga_pacientes_fhir_bonus_v1' AIRFLOW_CTX_TASK_ID='etl_pacientes_csv_para_fhir' AIRFLOW_CTX_EXECUTION_DATE='2025-11-13T12:53:35.992477+00:00' AIRFLOW_CTX_TRY_NUMBER='6' AIRFLOW_CTX_DAG_RUN_ID='manual__2025-11-13T12:53:35.992477+00:00'
[2025-11-13T13:49:02.370+0000] {carga_pacientes_dag.py:114} INFO - Iniciando carga de 50 registros do CSV...
[2025-11-13T13:49:02.462+0000] {carga_pacientes_dag.py:137} ERROR - Falha na linha 0 (João da Silva): 500 - {
  "resourceType": "OperationOutcome",
  "issue": [ {
    "severity": "error",
    "code": "processing",
    "diagnostics": "HAPI-2023: Tag get/create failed after 10 attempts with error(s): could not extract ResultSet [ERROR: syntax error at or near \"seq_tagdef_id\"\n  Position: 23] [select next value for seq_tagdef_id], could not extract ResultSet [ERROR: syntax error at or near \"seq_tagdef_id\"\n  Position: 23] [select next value for seq_tagdef_id], could not extract ResultSet [ERROR: syntax error at or near \"seq_tagdef_id\"\n  Position: 23] [select next value for seq_tagdef_id], could not extract ResultSet [ERROR: syntax error at or near \"seq_tagdef_id\"\n  Position: 23] [select next value for seq_tagdef_id], could not extract ResultSet [ERROR: syntax error at or near \"seq_tagdef_id\"\n  Position: 23] [select next value for seq_tagdef_id], could not extract ResultSet [ERROR: syntax error at or near \"seq_tagdef_id\"\n  Position: 23] [select next value for seq_tagdef_id], could not extract ResultSet [ERROR: syntax error at or near \"seq_tagdef_id\"\n  Position: 23] [select next value for seq_tagdef_id], could not extract ResultSet [ERROR: syntax error at or near \"seq_tagdef_id\"\n  Position: 23] [select next value for seq_tagdef_id], could not extract ResultSet [ERROR: syntax error at or near \"seq_tagdef_id\"\n  Position: 23] [select next value for seq_tagdef_id], could not extract ResultSet [ERROR: syntax error at or near \"seq_tagdef_id\"\n  Position: 23] [select next value for seq_tagdef_id]"
  } ]
}
[2025-11-13T13:49:02.488+0000] {carga_pacientes_dag.py:137} ERROR - Falha na linha 1 (Maria Souza): 500 - {
  "resourceType": "OperationOutcome",
  "issue": [ {
    "severity": "error",
    "code": "processing",
    "diagnostics": "HAPI-2023: Tag get/create failed after 10 attempts with error(s): could not extract ResultSet [ERROR: syntax error at or near \"seq_tagdef_id\"\n  Position: 23] [select next value for seq_tagdef_id], could not extract ResultSet [ERROR: syntax error at or near \"seq_tagdef_id\"\n  Position: 23] [select next value for seq_tagdef_id], could not extract ResultSet [ERROR: syntax error at or near \"seq_tagdef_id\"\n  Position: 23] [select next value for seq_tagdef_id], could not extract ResultSet [ERROR: syntax error at or near \"seq_tagdef_id\"\n  Position: 23] [select next value for seq_tagdef_id], could not extract ResultSet [ERROR: syntax error at or near \"seq_tagdef_id\"\n  Position: 23] [select next value for seq_tagdef_id], could not extract ResultSet [ERROR: syntax error at or near \"seq_tagdef_id\"\n  Position: 23] [select next value for seq_tagdef_id], could not extract ResultSet [ERROR: syntax error at or near \"seq_tagdef_id\"\n  Position: 23] [select next value for seq_tagdef_id], could not extract ResultSet [ERROR: syntax error at or near \"seq_tagdef_id\"\n  Position: 23] [select next value for seq_tagdef_id], could not extract ResultSet [ERROR: syntax error at or near \"seq_tagdef_id\"\n  Position: 23] [select next value for seq_tagdef_id], could not extract ResultSet [ERROR: syntax error at or near \"seq_tagdef_id\"\n  Position: 23] [select next value for seq_tagdef_id]"
  } ]
}
[2025-11-13T13:49:02.521+0000] {carga_pacientes_dag.py:137} ERROR - Falha na linha 2 (Pedro Oliveira): 500 - {
  "resourceType": "OperationOutcome",
  "issue": [ {
    "severity": "error",
    "code": "processing",
    "diagnostics": "HAPI-2023: Tag get/create failed after 10 attempts with error(s): could not extract ResultSet [ERROR: syntax error at or near \"seq_tagdef_id\"\n  Position: 23] [select next value for seq_tagdef_id], could not extract ResultSet [ERROR: syntax error at or near \"seq_tagdef_id\"\n  Position: 23] [select next value for seq_tagdef_id], could not extract ResultSet [ERROR: syntax error at or near \"seq_tagdef_id\"\n  Position: 23] [select next value for seq_tagdef_id], could not extract ResultSet [ERROR: syntax error at or near \"seq_tagdef_id\"\n  Position: 23] [select next value for seq_tagdef_id], could not extract ResultSet [ERROR: syntax error at or near \"seq_tagdef_id\"\n  Position: 23] [select next value for seq_tagdef_id], could not extract ResultSet [ERROR: syntax error at or near \"seq_tagdef_id\"\n  Position: 23] [select next value for seq_tagdef_id], could not extract ResultSet [ERROR: syntax error at or near \"seq_tagdef_id\"\n  Position: 23] [select next value for seq_tagdef_id], could not extract ResultSet [ERROR: syntax error at or near \"seq_tagdef_id\"\n  Position: 23] [select next value for seq_tagdef_id], could not extract ResultSet [ERROR: syntax error at or near \"seq_tagdef_id\"\n  Position: 23] [select next value for seq_tagdef_id], could not extract ResultSet [ERROR: syntax error at or near \"seq_tagdef_id\"\n  Position: 23] [select next value for seq_tagdef_id]"
  } ]
}
[2025-11-13T13:49:02.551+0000] {carga_pacientes_dag.py:137} ERROR - Falha na linha 3 (Ana Santos): 500 - {
  "resourceType": "OperationOutcome",
  "issue": [ {
    "severity": "error",
    "code": "processing",
    "diagnostics": "HAPI-2023: Tag get/create failed after 10 attempts with error(s): could not extract ResultSet [ERROR: syntax error at or near \"seq_tagdef_id\"\n  Position: 23] [select next value for seq_tagdef_id], could not extract ResultSet [ERROR: syntax error at or near \"seq_tagdef_id\"\n  Position: 23] [select next value for seq_tagdef_id], could not extract ResultSet [ERROR: syntax error at or near \"seq_tagdef_id\"\n  Position: 23] [select next value for seq_tagdef_id], could not extract ResultSet [ERROR: syntax error at or near \"seq_tagdef_id\"\n  Position: 23] [select next value for seq_tagdef_id], could not extract ResultSet [ERROR: syntax error at or near \"seq_tagdef_id\"\n  Position: 23] [select next value for seq_tagdef_id], could not extract ResultSet [ERROR: syntax error at or near \"seq_tagdef_id\"\n  Position: 23] [select next value for seq_tagdef_id], could not extract ResultSet [ERROR: syntax error at or near \"seq_tagdef_id\"\n  Position: 23] [select next value for seq_tagdef_id], could not extract ResultSet [ERROR: syntax error at or near \"seq_tagdef_id\"\n  Position: 23] [select next value for seq_tagdef_id], could not extract ResultSet [ERROR: syntax error at or near \"seq_tagdef_id\"\n  Position: 23] [select next value for seq_tagdef_id], could not extract ResultSet [ERROR: syntax error at or near \"seq_tagdef_id\"\n  Position: 23] [select next value for seq_tagdef_id]"
  } ]
}
[2025-11-13T13:49:02.581+0000] {carga_pacientes_dag.py:137} ERROR - Falha na linha 4 (Carlos Costa): 500 - {
  "resourceType": "OperationOutcome",
  "issue": [ {
    "severity": "error",
    "code": "processing",
    "diagnostics": "HAPI-2023: Tag get/create failed after 10 attempts with error(s): could not extract ResultSet [ERROR: syntax error at or near \"seq_tagdef_id\"\n  Position: 23] [select next value for seq_tagdef_id], could not extract ResultSet [ERROR: syntax error at or near \"seq_tagdef_id\"\n  Position: 23] [select next value for seq_tagdef_id], could not extract ResultSet [ERROR: syntax error at or near \"seq_tagdef_id\"\n  Position: 23] [select next value for seq_tagdef_id], could not extract ResultSet [ERROR: syntax error at or near \"seq_tagdef_id\"\n  Position: 23] [select next value for seq_tagdef_id], could not extract ResultSet [ERROR: syntax error at or near \"seq_tagdef_id\"\n  Position: 23] [select next value for seq_tagdef_id], could not extract ResultSet [ERROR: syntax error at or near \"seq_tagdef_id\"\n  Position: 23] [select next value for seq_tagdef_id], could not extract ResultSet [ERROR: syntax error at or near \"seq_tagdef_id\"\n  Position: 23] [select next value for seq_tagdef_id], could not extract ResultSet [ERROR: syntax error at or near \"seq_tagdef_id\"\n  Position: 23] [select next value for seq_tagdef_id], could not extract ResultSet [ERROR: syntax error at or near \"seq_tagdef_id\"\n  Position: 23] [select next value for seq_tagdef_id], could not extract ResultSet [ERROR: syntax error at or near \"seq_tagdef_id\"\n  Position: 23] [select next value for seq_tagdef_id]"
  } ]
}
[2025-11-13T13:49:02.615+0000] {carga_pacientes_dag.py:137} ERROR - Falha na linha 5 (Laura Almeida): 500 - {
  "resourceType": "OperationOutcome",
  "issue": [ {
    "severity": "error",
    "code": "processing",
    "diagnostics": "HAPI-2023: Tag get/create failed after 10 attempts with error(s): could not extract ResultSet [ERROR: syntax error at or near \"seq_tagdef_id\"\n  Position: 23] [select next value for seq_tagdef_id], could not extract ResultSet [ERROR: syntax error at or near \"seq_tagdef_id\"\n  Position: 23] [select next value for seq_tagdef_id], could not extract ResultSet [ERROR: syntax error at or near \"seq_tagdef_id\"\n  Position: 23] [select next value for seq_tagdef_id], could not extract ResultSet [ERROR: syntax error at or near \"seq_tagdef_id\"\n  Position: 23] [select next value for seq_tagdef_id], could not extract ResultSet [ERROR: syntax error at or near \"seq_tagdef_id\"\n  Position: 23] [select next value for seq_tagdef_id], could not extract ResultSet [ERROR: syntax error at or near \"seq_tagdef_id\"\n  Position: 23] [select next value for seq_tagdef_id], could not extract ResultSet [ERROR: syntax error at or near \"seq_tagdef_id\"\n  Position: 23] [select next value for seq_tagdef_id], could not extract ResultSet [ERROR: syntax error at or near \"seq_tagdef_id\"\n  Position: 23] [select next value for seq_tagdef_id], could not extract ResultSet [ERROR: syntax error at or near \"seq_tagdef_id\"\n  Position: 23] [select next value for seq_tagdef_id], could not extract ResultSet [ERROR: syntax error at or near \"seq_tagdef_id\"\n  Position: 23] [select next value for seq_tagdef_id]"
  } ]
}
[2025-11-13T13:49:02.641+0000] {carga_pacientes_dag.py:137} ERROR - Falha na linha 6 (Rafael Ferreira): 500 - {
  "resourceType": "OperationOutcome",
  "issue": [ {
    "severity": "error",
    "code": "processing",
    "diagnostics": "HAPI-2023: Tag get/create failed after 10 attempts with error(s): could not extract ResultSet [ERROR: syntax error at or near \"seq_tagdef_id\"\n  Position: 23] [select next value for seq_tagdef_id], could not extract ResultSet [ERROR: syntax error at or near \"seq_tagdef_id\"\n  Position: 23] [select next value for seq_tagdef_id], could not extract ResultSet [ERROR: syntax error at or near \"seq_tagdef_id\"\n  Position: 23] [select next value for seq_tagdef_id], could not extract ResultSet [ERROR: syntax error at or near \"seq_tagdef_id\"\n  Position: 23] [select next value for seq_tagdef_id], could not extract ResultSet [ERROR: syntax error at or near \"seq_tagdef_id\"\n  Position: 23] [select next value for seq_tagdef_id], could not extract ResultSet [ERROR: syntax error at or near \"seq_tagdef_id\"\n  Position: 23] [select next value for seq_tagdef_id], could not extract ResultSet [ERROR: syntax error at or near \"seq_tagdef_id\"\n  Position: 23] [select next value for seq_tagdef_id], could not extract ResultSet [ERROR: syntax error at or near \"seq_tagdef_id\"\n  Position: 23] [select next value for seq_tagdef_id], could not extract ResultSet [ERROR: syntax error at or near \"seq_tagdef_id\"\n  Position: 23] [select next value for seq_tagdef_id], could not extract ResultSet [ERROR: syntax error at or near \"seq_tagdef_id\"\n  Position: 23] [select next value for seq_tagdef_id]"
  } ]
}
[2025-11-13T13:49:02.667+0000] {carga_pacientes_dag.py:137} ERROR - Falha na linha 7 (Camila Gomes): 500 - {
  "resourceType": "OperationOutcome",
  "issue": [ {
    "severity": "error",
    "code": "processing",
    "diagnostics": "HAPI-2023: Tag get/create failed after 10 attempts with error(s): could not extract ResultSet [ERROR: syntax error at or near \"seq_tagdef_id\"\n  Position: 23] [select next value for seq_tagdef_id], could not extract ResultSet [ERROR: syntax error at or near \"seq_tagdef_id\"\n  Position: 23] [select next value for seq_tagdef_id], could not extract ResultSet [ERROR: syntax error at or near \"seq_tagdef_id\"\n  Position: 23] [select next value for seq_tagdef_id], could not extract ResultSet [ERROR: syntax error at or near \"seq_tagdef_id\"\n  Position: 23] [select next value for seq_tagdef_id], could not extract ResultSet [ERROR: syntax error at or near \"seq_tagdef_id\"\n  Position: 23] [select next value for seq_tagdef_id], could not extract ResultSet [ERROR: syntax error at or near \"seq_tagdef_id\"\n  Position: 23] [select next value for seq_tagdef_id], could not extract ResultSet [ERROR: syntax error at or near \"seq_tagdef_id\"\n  Position: 23] [select next value for seq_tagdef_id], could not extract ResultSet [ERROR: syntax error at or near \"seq_tagdef_id\"\n  Position: 23] [select next value for seq_tagdef_id], could not extract ResultSet [ERROR: syntax error at or near \"seq_tagdef_id\"\n  Position: 23] [select next value for seq_tagdef_id], could not extract ResultSet [ERROR: syntax error at or near \"seq_tagdef_id\"\n  Position: 23] [select next value for seq_tagdef_id]"
  } ]
}
[2025-11-13T13:49:02.691+0000] {carga_pacientes_dag.py:137} ERROR - Falha na linha 8 (Tiago Martins): 500 - {
  "resourceType": "OperationOutcome",
  "issue": [ {
    "severity": "error",
    "code": "processing",
    "diagnostics": "HAPI-2023: Tag get/create failed after 10 attempts with error(s): could not extract ResultSet [ERROR: syntax error at or near \"seq_tagdef_id\"\n  Position: 23] [select next value for seq_tagdef_id], could not extract ResultSet [ERROR: syntax error at or near \"seq_tagdef_id\"\n  Position: 23] [select next value for seq_tagdef_id], could not extract ResultSet [ERROR: syntax error at or near \"seq_tagdef_id\"\n  Position: 23] [select next value for seq_tagdef_id], could not extract ResultSet [ERROR: syntax error at or near \"seq_tagdef_id\"\n  Position: 23] [select next value for seq_tagdef_id], could not extract ResultSet [ERROR: syntax error at or near \"seq_tagdef_id\"\n  Position: 23] [select next value for seq_tagdef_id], could not extract ResultSet [ERROR: syntax error at or near \"seq_tagdef_id\"\n  Position: 23] [select next value for seq_tagdef_id], could not extract ResultSet [ERROR: syntax error at or near \"seq_tagdef_id\"\n  Position: 23] [select next value for seq_tagdef_id], could not extract ResultSet [ERROR: syntax error at or near \"seq_tagdef_id\"\n  Position: 23] [select next value for seq_tagdef_id], could not extract ResultSet [ERROR: syntax error at or near \"seq_tagdef_id\"\n  Position: 23] [select next value for seq_tagdef_id], could not extract ResultSet [ERROR: syntax error at or near \"seq_tagdef_id\"\n  Position: 23] [select next value for seq_tagdef_id]"
  } ]
}
[2025-11-13T13:49:02.716+0000] {carga_pacientes_dag.py:137} ERROR - Falha na linha 9 (Isabela Lima): 500 - {
  "resourceType": "OperationOutcome",
  "issue": [ {
    "severity": "error",
    "code": "processing",
    "diagnostics": "HAPI-2023: Tag get/create failed after 10 attempts with error(s): could not extract ResultSet [ERROR: syntax error at or near \"seq_tagdef_id\"\n  Position: 23] [select next value for seq_tagdef_id], could not extract ResultSet [ERROR: syntax error at or near \"seq_tagdef_id\"\n  Position: 23] [select next value for seq_tagdef_id], could not extract ResultSet [ERROR: syntax error at or near \"seq_tagdef_id\"\n  Position: 23] [select next value for seq_tagdef_id], could not extract ResultSet [ERROR: syntax error at or near \"seq_tagdef_id\"\n  Position: 23] [select next value for seq_tagdef_id], could not extract ResultSet [ERROR: syntax error at or near \"seq_tagdef_id\"\n  Position: 23] [select next value for seq_tagdef_id], could not extract ResultSet [ERROR: syntax error at or near \"seq_tagdef_id\"\n  Position: 23] [select next value for seq_tagdef_id], could not extract ResultSet [ERROR: syntax error at or near \"seq_tagdef_id\"\n  Position: 23] [select next value for seq_tagdef_id], could not extract ResultSet [ERROR: syntax error at or near \"seq_tagdef_id\"\n  Position: 23] [select next value for seq_tagdef_id], could not extract ResultSet [ERROR: syntax error at or near \"seq_tagdef_id\"\n  Position: 23] [select next value for seq_tagdef_id], could not extract ResultSet [ERROR: syntax error at or near \"seq_tagdef_id\"\n  Position: 23] [select next value for seq_tagdef_id]"
  } ]
}
[2025-11-13T13:49:02.742+0000] {carga_pacientes_dag.py:137} ERROR - Falha na linha 10 (Lucas Pereira): 500 - {
  "resourceType": "OperationOutcome",
  "issue": [ {
    "severity": "error",
    "code": "processing",
    "diagnostics": "HAPI-2023: Tag get/create failed after 10 attempts with error(s): could not extract ResultSet [ERROR: syntax error at or near \"seq_tagdef_id\"\n  Position: 23] [select next value for seq_tagdef_id], could not extract ResultSet [ERROR: syntax error at or near \"seq_tagdef_id\"\n  Position: 23] [select next value for seq_tagdef_id], could not extract ResultSet [ERROR: syntax error at or near \"seq_tagdef_id\"\n  Position: 23] [select next value for seq_tagdef_id], could not extract ResultSet [ERROR: syntax error at or near \"seq_tagdef_id\"\n  Position: 23] [select next value for seq_tagdef_id], could not extract ResultSet [ERROR: syntax error at or near \"seq_tagdef_id\"\n  Position: 23] [select next value for seq_tagdef_id], could not extract ResultSet [ERROR: syntax error at or near \"seq_tagdef_id\"\n  Position: 23] [select next value for seq_tagdef_id], could not extract ResultSet [ERROR: syntax error at or near \"seq_tagdef_id\"\n  Position: 23] [select next value for seq_tagdef_id], could not extract ResultSet [ERROR: syntax error at or near \"seq_tagdef_id\"\n  Position: 23] [select next value for seq_tagdef_id], could not extract ResultSet [ERROR: syntax error at or near \"seq_tagdef_id\"\n  Position: 23] [select next value for seq_tagdef_id], could not extract ResultSet [ERROR: syntax error at or near \"seq_tagdef_id\"\n  Position: 23] [select next value for seq_tagdef_id]"
  } ]
}
[2025-11-13T13:49:02.768+0000] {carga_pacientes_dag.py:137} ERROR - Falha na linha 11 (Fernanda Costa): 500 - {
  "resourceType": "OperationOutcome",
  "issue": [ {
    "severity": "error",
    "code": "processing",
    "diagnostics": "HAPI-2023: Tag get/create failed after 10 attempts with error(s): could not extract ResultSet [ERROR: syntax error at or near \"seq_tagdef_id\"\n  Position: 23] [select next value for seq_tagdef_id], could not extract ResultSet [ERROR: syntax error at or near \"seq_tagdef_id\"\n  Position: 23] [select next value for seq_tagdef_id], could not extract ResultSet [ERROR: syntax error at or near \"seq_tagdef_id\"\n  Position: 23] [select next value for seq_tagdef_id], could not extract ResultSet [ERROR: syntax error at or near \"seq_tagdef_id\"\n  Position: 23] [select next value for seq_tagdef_id], could not extract ResultSet [ERROR: syntax error at or near \"seq_tagdef_id\"\n  Position: 23] [select next value for seq_tagdef_id], could not extract ResultSet [ERROR: syntax error at or near \"seq_tagdef_id\"\n  Position: 23] [select next value for seq_tagdef_id], could not extract ResultSet [ERROR: syntax error at or near \"seq_tagdef_id\"\n  Position: 23] [select next value for seq_tagdef_id], could not extract ResultSet [ERROR: syntax error at or near \"seq_tagdef_id\"\n  Position: 23] [select next value for seq_tagdef_id], could not extract ResultSet [ERROR: syntax error at or near \"seq_tagdef_id\"\n  Position: 23] [select next value for seq_tagdef_id], could not extract ResultSet [ERROR: syntax error at or near \"seq_tagdef_id\"\n  Position: 23] [select next value for seq_tagdef_id]"
  } ]
}
[2025-11-13T13:49:02.788+0000] {carga_pacientes_dag.py:137} ERROR - Falha na linha 12 (Guilherme Rocha): 500 - {
  "resourceType": "OperationOutcome",
  "issue": [ {
    "severity": "error",
    "code": "processing",
    "diagnostics": "HAPI-2023: Tag get/create failed after 10 attempts with error(s): could not extract ResultSet [ERROR: syntax error at or near \"seq_tagdef_id\"\n  Position: 23] [select next value for seq_tagdef_id], could not extract ResultSet [ERROR: syntax error at or near \"seq_tagdef_id\"\n  Position: 23] [select next value for seq_tagdef_id], could not extract ResultSet [ERROR: syntax error at or near \"seq_tagdef_id\"\n  Position: 23] [select next value for seq_tagdef_id], could not extract ResultSet [ERROR: syntax error at or near \"seq_tagdef_id\"\n  Position: 23] [select next value for seq_tagdef_id], could not extract ResultSet [ERROR: syntax error at or near \"seq_tagdef_id\"\n  Position: 23] [select next value for seq_tagdef_id], could not extract ResultSet [ERROR: syntax error at or near \"seq_tagdef_id\"\n  Position: 23] [select next value for seq_tagdef_id], could not extract ResultSet [ERROR: syntax error at or near \"seq_tagdef_id\"\n  Position: 23] [select next value for seq_tagdef_id], could not extract ResultSet [ERROR: syntax error at or near \"seq_tagdef_id\"\n  Position: 23] [select next value for seq_tagdef_id], could not extract ResultSet [ERROR: syntax error at or near \"seq_tagdef_id\"\n  Position: 23] [select next value for seq_tagdef_id], could not extract ResultSet [ERROR: syntax error at or near \"seq_tagdef_id\"\n  Position: 23] [select next value for seq_tagdef_id]"
  } ]
}
[2025-11-13T13:49:02.807+0000] {carga_pacientes_dag.py:137} ERROR - Falha na linha 13 (Mariana Santos): 500 - {
  "resourceType": "OperationOutcome",
  "issue": [ {
    "severity": "error",
    "code": "processing",
    "diagnostics": "HAPI-2023: Tag get/create failed after 10 attempts with error(s): could not extract ResultSet [ERROR: syntax error at or near \"seq_tagdef_id\"\n  Position: 23] [select next value for seq_tagdef_id], could not extract ResultSet [ERROR: syntax error at or near \"seq_tagdef_id\"\n  Position: 23] [select next value for seq_tagdef_id], could not extract ResultSet [ERROR: syntax error at or near \"seq_tagdef_id\"\n  Position: 23] [select next value for seq_tagdef_id], could not extract ResultSet [ERROR: syntax error at or near \"seq_tagdef_id\"\n  Position: 23] [select next value for seq_tagdef_id], could not extract ResultSet [ERROR: syntax error at or near \"seq_tagdef_id\"\n  Position: 23] [select next value for seq_tagdef_id], could not extract ResultSet [ERROR: syntax error at or near \"seq_tagdef_id\"\n  Position: 23] [select next value for seq_tagdef_id], could not extract ResultSet [ERROR: syntax error at or near \"seq_tagdef_id\"\n  Position: 23] [select next value for seq_tagdef_id], could not extract ResultSet [ERROR: syntax error at or near \"seq_tagdef_id\"\n  Position: 23] [select next value for seq_tagdef_id], could not extract ResultSet [ERROR: syntax error at or near \"seq_tagdef_id\"\n  Position: 23] [select next value for seq_tagdef_id], could not extract ResultSet [ERROR: syntax error at or near \"seq_tagdef_id\"\n  Position: 23] [select next value for seq_tagdef_id]"
  } ]
}
[2025-11-13T13:49:02.826+0000] {carga_pacientes_dag.py:137} ERROR - Falha na linha 14 (Bruno Oliveira): 500 - {
  "resourceType": "OperationOutcome",
  "issue": [ {
    "severity": "error",
    "code": "processing",
    "diagnostics": "HAPI-2023: Tag get/create failed after 10 attempts with error(s): could not extract ResultSet [ERROR: syntax error at or near \"seq_tagdef_id\"\n  Position: 23] [select next value for seq_tagdef_id], could not extract ResultSet [ERROR: syntax error at or near \"seq_tagdef_id\"\n  Position: 23] [select next value for seq_tagdef_id], could not extract ResultSet [ERROR: syntax error at or near \"seq_tagdef_id\"\n  Position: 23] [select next value for seq_tagdef_id], could not extract ResultSet [ERROR: syntax error at or near \"seq_tagdef_id\"\n  Position: 23] [select next value for seq_tagdef_id], could not extract ResultSet [ERROR: syntax error at or near \"seq_tagdef_id\"\n  Position: 23] [select next value for seq_tagdef_id], could not extract ResultSet [ERROR: syntax error at or near \"seq_tagdef_id\"\n  Position: 23] [select next value for seq_tagdef_id], could not extract ResultSet [ERROR: syntax error at or near \"seq_tagdef_id\"\n  Position: 23] [select next value for seq_tagdef_id], could not extract ResultSet [ERROR: syntax error at or near \"seq_tagdef_id\"\n  Position: 23] [select next value for seq_tagdef_id], could not extract ResultSet [ERROR: syntax error at or near \"seq_tagdef_id\"\n  Position: 23] [select next value for seq_tagdef_id], could not extract ResultSet [ERROR: syntax error at or near \"seq_tagdef_id\"\n  Position: 23] [select next value for seq_tagdef_id]"
  } ]
}
[2025-11-13T13:49:02.848+0000] {carga_pacientes_dag.py:137} ERROR - Falha na linha 15 (Juliana Almeida): 500 - {
  "resourceType": "OperationOutcome",
  "issue": [ {
    "severity": "error",
    "code": "processing",
    "diagnostics": "HAPI-2023: Tag get/create failed after 10 attempts with error(s): could not extract ResultSet [ERROR: syntax error at or near \"seq_tagdef_id\"\n  Position: 23] [select next value for seq_tagdef_id], could not extract ResultSet [ERROR: syntax error at or near \"seq_tagdef_id\"\n  Position: 23] [select next value for seq_tagdef_id], could not extract ResultSet [ERROR: syntax error at or near \"seq_tagdef_id\"\n  Position: 23] [select next value for seq_tagdef_id], could not extract ResultSet [ERROR: syntax error at or near \"seq_tagdef_id\"\n  Position: 23] [select next value for seq_tagdef_id], could not extract ResultSet [ERROR: syntax error at or near \"seq_tagdef_id\"\n  Position: 23] [select next value for seq_tagdef_id], could not extract ResultSet [ERROR: syntax error at or near \"seq_tagdef_id\"\n  Position: 23] [select next value for seq_tagdef_id], could not extract ResultSet [ERROR: syntax error at or near \"seq_tagdef_id\"\n  Position: 23] [select next value for seq_tagdef_id], could not extract ResultSet [ERROR: syntax error at or near \"seq_tagdef_id\"\n  Position: 23] [select next value for seq_tagdef_id], could not extract ResultSet [ERROR: syntax error at or near \"seq_tagdef_id\"\n  Position: 23] [select next value for seq_tagdef_id], could not extract ResultSet [ERROR: syntax error at or near \"seq_tagdef_id\"\n  Position: 23] [select next value for seq_tagdef_id]"
  } ]
}
[2025-11-13T13:49:02.866+0000] {carga_pacientes_dag.py:137} ERROR - Falha na linha 16 (Ricardo Ferreira): 500 - {
  "resourceType": "OperationOutcome",
  "issue": [ {
    "severity": "error",
    "code": "processing",
    "diagnostics": "HAPI-2023: Tag get/create failed after 10 attempts with error(s): could not extract ResultSet [ERROR: syntax error at or near \"seq_tagdef_id\"\n  Position: 23] [select next value for seq_tagdef_id], could not extract ResultSet [ERROR: syntax error at or near \"seq_tagdef_id\"\n  Position: 23] [select next value for seq_tagdef_id], could not extract ResultSet [ERROR: syntax error at or near \"seq_tagdef_id\"\n  Position: 23] [select next value for seq_tagdef_id], could not extract ResultSet [ERROR: syntax error at or near \"seq_tagdef_id\"\n  Position: 23] [select next value for seq_tagdef_id], could not extract ResultSet [ERROR: syntax error at or near \"seq_tagdef_id\"\n  Position: 23] [select next value for seq_tagdef_id], could not extract ResultSet [ERROR: syntax error at or near \"seq_tagdef_id\"\n  Position: 23] [select next value for seq_tagdef_id], could not extract ResultSet [ERROR: syntax error at or near \"seq_tagdef_id\"\n  Position: 23] [select next value for seq_tagdef_id], could not extract ResultSet [ERROR: syntax error at or near \"seq_tagdef_id\"\n  Position: 23] [select next value for seq_tagdef_id], could not extract ResultSet [ERROR: syntax error at or near \"seq_tagdef_id\"\n  Position: 23] [select next value for seq_tagdef_id], could not extract ResultSet [ERROR: syntax error at or near \"seq_tagdef_id\"\n  Position: 23] [select next value for seq_tagdef_id]"
  } ]
}
[2025-11-13T13:49:02.884+0000] {carga_pacientes_dag.py:137} ERROR - Falha na linha 17 (Carolina Gomes): 500 - {
  "resourceType": "OperationOutcome",
  "issue": [ {
    "severity": "error",
    "code": "processing",
    "diagnostics": "HAPI-2023: Tag get/create failed after 10 attempts with error(s): could not extract ResultSet [ERROR: syntax error at or near \"seq_tagdef_id\"\n  Position: 23] [select next value for seq_tagdef_id], could not extract ResultSet [ERROR: syntax error at or near \"seq_tagdef_id\"\n  Position: 23] [select next value for seq_tagdef_id], could not extract ResultSet [ERROR: syntax error at or near \"seq_tagdef_id\"\n  Position: 23] [select next value for seq_tagdef_id], could not extract ResultSet [ERROR: syntax error at or near \"seq_tagdef_id\"\n  Position: 23] [select next value for seq_tagdef_id], could not extract ResultSet [ERROR: syntax error at or near \"seq_tagdef_id\"\n  Position: 23] [select next value for seq_tagdef_id], could not extract ResultSet [ERROR: syntax error at or near \"seq_tagdef_id\"\n  Position: 23] [select next value for seq_tagdef_id], could not extract ResultSet [ERROR: syntax error at or near \"seq_tagdef_id\"\n  Position: 23] [select next value for seq_tagdef_id], could not extract ResultSet [ERROR: syntax error at or near \"seq_tagdef_id\"\n  Position: 23] [select next value for seq_tagdef_id], could not extract ResultSet [ERROR: syntax error at or near \"seq_tagdef_id\"\n  Position: 23] [select next value for seq_tagdef_id], could not extract ResultSet [ERROR: syntax error at or near \"seq_tagdef_id\"\n  Position: 23] [select next value for seq_tagdef_id]"
  } ]
}
[2025-11-13T13:49:02.908+0000] {carga_pacientes_dag.py:137} ERROR - Falha na linha 18 (Gabriel Martins): 500 - {
  "resourceType": "OperationOutcome",
  "issue": [ {
    "severity": "error",
    "code": "processing",
    "diagnostics": "HAPI-2023: Tag get/create failed after 10 attempts with error(s): could not extract ResultSet [ERROR: syntax error at or near \"seq_tagdef_id\"\n  Position: 23] [select next value for seq_tagdef_id], could not extract ResultSet [ERROR: syntax error at or near \"seq_tagdef_id\"\n  Position: 23] [select next value for seq_tagdef_id], could not extract ResultSet [ERROR: syntax error at or near \"seq_tagdef_id\"\n  Position: 23] [select next value for seq_tagdef_id], could not extract ResultSet [ERROR: syntax error at or near \"seq_tagdef_id\"\n  Position: 23] [select next value for seq_tagdef_id], could not extract ResultSet [ERROR: syntax error at or near \"seq_tagdef_id\"\n  Position: 23] [select next value for seq_tagdef_id], could not extract ResultSet [ERROR: syntax error at or near \"seq_tagdef_id\"\n  Position: 23] [select next value for seq_tagdef_id], could not extract ResultSet [ERROR: syntax error at or near \"seq_tagdef_id\"\n  Position: 23] [select next value for seq_tagdef_id], could not extract ResultSet [ERROR: syntax error at or near \"seq_tagdef_id\"\n  Position: 23] [select next value for seq_tagdef_id], could not extract ResultSet [ERROR: syntax error at or near \"seq_tagdef_id\"\n  Position: 23] [select next value for seq_tagdef_id], could not extract ResultSet [ERROR: syntax error at or near \"seq_tagdef_id\"\n  Position: 23] [select next value for seq_tagdef_id]"
  } ]
}
[2025-11-13T13:49:02.934+0000] {carga_pacientes_dag.py:137} ERROR - Falha na linha 19 (Vanessa Lima): 500 - {
  "resourceType": "OperationOutcome",
  "issue": [ {
    "severity": "error",
    "code": "processing",
    "diagnostics": "HAPI-2023: Tag get/create failed after 10 attempts with error(s): could not extract ResultSet [ERROR: syntax error at or near \"seq_tagdef_id\"\n  Position: 23] [select next value for seq_tagdef_id], could not extract ResultSet [ERROR: syntax error at or near \"seq_tagdef_id\"\n  Position: 23] [select next value for seq_tagdef_id], could not extract ResultSet [ERROR: syntax error at or near \"seq_tagdef_id\"\n  Position: 23] [select next value for seq_tagdef_id], could not extract ResultSet [ERROR: syntax error at or near \"seq_tagdef_id\"\n  Position: 23] [select next value for seq_tagdef_id], could not extract ResultSet [ERROR: syntax error at or near \"seq_tagdef_id\"\n  Position: 23] [select next value for seq_tagdef_id], could not extract ResultSet [ERROR: syntax error at or near \"seq_tagdef_id\"\n  Position: 23] [select next value for seq_tagdef_id], could not extract ResultSet [ERROR: syntax error at or near \"seq_tagdef_id\"\n  Position: 23] [select next value for seq_tagdef_id], could not extract ResultSet [ERROR: syntax error at or near \"seq_tagdef_id\"\n  Position: 23] [select next value for seq_tagdef_id], could not extract ResultSet [ERROR: syntax error at or near \"seq_tagdef_id\"\n  Position: 23] [select next value for seq_tagdef_id], could not extract ResultSet [ERROR: syntax error at or near \"seq_tagdef_id\"\n  Position: 23] [select next value for seq_tagdef_id]"
  } ]
}
[2025-11-13T13:49:02.955+0000] {carga_pacientes_dag.py:137} ERROR - Falha na linha 20 (André Pereira): 500 - {
  "resourceType": "OperationOutcome",
  "issue": [ {
    "severity": "error",
    "code": "processing",
    "diagnostics": "HAPI-2023: Tag get/create failed after 10 attempts with error(s): could not extract ResultSet [ERROR: syntax error at or near \"seq_tagdef_id\"\n  Position: 23] [select next value for seq_tagdef_id], could not extract ResultSet [ERROR: syntax error at or near \"seq_tagdef_id\"\n  Position: 23] [select next value for seq_tagdef_id], could not extract ResultSet [ERROR: syntax error at or near \"seq_tagdef_id\"\n  Position: 23] [select next value for seq_tagdef_id], could not extract ResultSet [ERROR: syntax error at or near \"seq_tagdef_id\"\n  Position: 23] [select next value for seq_tagdef_id], could not extract ResultSet [ERROR: syntax error at or near \"seq_tagdef_id\"\n  Position: 23] [select next value for seq_tagdef_id], could not extract ResultSet [ERROR: syntax error at or near \"seq_tagdef_id\"\n  Position: 23] [select next value for seq_tagdef_id], could not extract ResultSet [ERROR: syntax error at or near \"seq_tagdef_id\"\n  Position: 23] [select next value for seq_tagdef_id], could not extract ResultSet [ERROR: syntax error at or near \"seq_tagdef_id\"\n  Position: 23] [select next value for seq_tagdef_id], could not extract ResultSet [ERROR: syntax error at or near \"seq_tagdef_id\"\n  Position: 23] [select next value for seq_tagdef_id], could not extract ResultSet [ERROR: syntax error at or near \"seq_tagdef_id\"\n  Position: 23] [select next value for seq_tagdef_id]"
  } ]
}
[2025-11-13T13:49:02.976+0000] {carga_pacientes_dag.py:137} ERROR - Falha na linha 21 (Luiza Costa): 500 - {
  "resourceType": "OperationOutcome",
  "issue": [ {
    "severity": "error",
    "code": "processing",
    "diagnostics": "HAPI-2023: Tag get/create failed after 10 attempts with error(s): could not extract ResultSet [ERROR: syntax error at or near \"seq_tagdef_id\"\n  Position: 23] [select next value for seq_tagdef_id], could not extract ResultSet [ERROR: syntax error at or near \"seq_tagdef_id\"\n  Position: 23] [select next value for seq_tagdef_id], could not extract ResultSet [ERROR: syntax error at or near \"seq_tagdef_id\"\n  Position: 23] [select next value for seq_tagdef_id], could not extract ResultSet [ERROR: syntax error at or near \"seq_tagdef_id\"\n  Position: 23] [select next value for seq_tagdef_id], could not extract ResultSet [ERROR: syntax error at or near \"seq_tagdef_id\"\n  Position: 23] [select next value for seq_tagdef_id], could not extract ResultSet [ERROR: syntax error at or near \"seq_tagdef_id\"\n  Position: 23] [select next value for seq_tagdef_id], could not extract ResultSet [ERROR: syntax error at or near \"seq_tagdef_id\"\n  Position: 23] [select next value for seq_tagdef_id], could not extract ResultSet [ERROR: syntax error at or near \"seq_tagdef_id\"\n  Position: 23] [select next value for seq_tagdef_id], could not extract ResultSet [ERROR: syntax error at or near \"seq_tagdef_id\"\n  Position: 23] [select next value for seq_tagdef_id], could not extract ResultSet [ERROR: syntax error at or near \"seq_tagdef_id\"\n  Position: 23] [select next value for seq_tagdef_id]"
  } ]
}
[2025-11-13T13:49:03.001+0000] {carga_pacientes_dag.py:137} ERROR - Falha na linha 22 (Diego Santos): 500 - {
  "resourceType": "OperationOutcome",
  "issue": [ {
    "severity": "error",
    "code": "processing",
    "diagnostics": "HAPI-2023: Tag get/create failed after 10 attempts with error(s): could not extract ResultSet [ERROR: syntax error at or near \"seq_tagdef_id\"\n  Position: 23] [select next value for seq_tagdef_id], could not extract ResultSet [ERROR: syntax error at or near \"seq_tagdef_id\"\n  Position: 23] [select next value for seq_tagdef_id], could not extract ResultSet [ERROR: syntax error at or near \"seq_tagdef_id\"\n  Position: 23] [select next value for seq_tagdef_id], could not extract ResultSet [ERROR: syntax error at or near \"seq_tagdef_id\"\n  Position: 23] [select next value for seq_tagdef_id], could not extract ResultSet [ERROR: syntax error at or near \"seq_tagdef_id\"\n  Position: 23] [select next value for seq_tagdef_id], could not extract ResultSet [ERROR: syntax error at or near \"seq_tagdef_id\"\n  Position: 23] [select next value for seq_tagdef_id], could not extract ResultSet [ERROR: syntax error at or near \"seq_tagdef_id\"\n  Position: 23] [select next value for seq_tagdef_id], could not extract ResultSet [ERROR: syntax error at or near \"seq_tagdef_id\"\n  Position: 23] [select next value for seq_tagdef_id], could not extract ResultSet [ERROR: syntax error at or near \"seq_tagdef_id\"\n  Position: 23] [select next value for seq_tagdef_id], could not extract ResultSet [ERROR: syntax error at or near \"seq_tagdef_id\"\n  Position: 23] [select next value for seq_tagdef_id]"
  } ]
}
[2025-11-13T13:49:03.030+0000] {carga_pacientes_dag.py:137} ERROR - Falha na linha 23 (Ana Clara Almeida): 500 - {
  "resourceType": "OperationOutcome",
  "issue": [ {
    "severity": "error",
    "code": "processing",
    "diagnostics": "HAPI-2023: Tag get/create failed after 10 attempts with error(s): could not extract ResultSet [ERROR: syntax error at or near \"seq_tagdef_id\"\n  Position: 23] [select next value for seq_tagdef_id], could not extract ResultSet [ERROR: syntax error at or near \"seq_tagdef_id\"\n  Position: 23] [select next value for seq_tagdef_id], could not extract ResultSet [ERROR: syntax error at or near \"seq_tagdef_id\"\n  Position: 23] [select next value for seq_tagdef_id], could not extract ResultSet [ERROR: syntax error at or near \"seq_tagdef_id\"\n  Position: 23] [select next value for seq_tagdef_id], could not extract ResultSet [ERROR: syntax error at or near \"seq_tagdef_id\"\n  Position: 23] [select next value for seq_tagdef_id], could not extract ResultSet [ERROR: syntax error at or near \"seq_tagdef_id\"\n  Position: 23] [select next value for seq_tagdef_id], could not extract ResultSet [ERROR: syntax error at or near \"seq_tagdef_id\"\n  Position: 23] [select next value for seq_tagdef_id], could not extract ResultSet [ERROR: syntax error at or near \"seq_tagdef_id\"\n  Position: 23] [select next value for seq_tagdef_id], could not extract ResultSet [ERROR: syntax error at or near \"seq_tagdef_id\"\n  Position: 23] [select next value for seq_tagdef_id], could not extract ResultSet [ERROR: syntax error at or near \"seq_tagdef_id\"\n  Position: 23] [select next value for seq_tagdef_id]"
  } ]
}
[2025-11-13T13:49:03.053+0000] {carga_pacientes_dag.py:137} ERROR - Falha na linha 24 (Marcos Ferreira): 500 - {
  "resourceType": "OperationOutcome",
  "issue": [ {
    "severity": "error",
    "code": "processing",
    "diagnostics": "HAPI-2023: Tag get/create failed after 10 attempts with error(s): could not extract ResultSet [ERROR: syntax error at or near \"seq_tagdef_id\"\n  Position: 23] [select next value for seq_tagdef_id], could not extract ResultSet [ERROR: syntax error at or near \"seq_tagdef_id\"\n  Position: 23] [select next value for seq_tagdef_id], could not extract ResultSet [ERROR: syntax error at or near \"seq_tagdef_id\"\n  Position: 23] [select next value for seq_tagdef_id], could not extract ResultSet [ERROR: syntax error at or near \"seq_tagdef_id\"\n  Position: 23] [select next value for seq_tagdef_id], could not extract ResultSet [ERROR: syntax error at or near \"seq_tagdef_id\"\n  Position: 23] [select next value for seq_tagdef_id], could not extract ResultSet [ERROR: syntax error at or near \"seq_tagdef_id\"\n  Position: 23] [select next value for seq_tagdef_id], could not extract ResultSet [ERROR: syntax error at or near \"seq_tagdef_id\"\n  Position: 23] [select next value for seq_tagdef_id], could not extract ResultSet [ERROR: syntax error at or near \"seq_tagdef_id\"\n  Position: 23] [select next value for seq_tagdef_id], could not extract ResultSet [ERROR: syntax error at or near \"seq_tagdef_id\"\n  Position: 23] [select next value for seq_tagdef_id], could not extract ResultSet [ERROR: syntax error at or near \"seq_tagdef_id\"\n  Position: 23] [select next value for seq_tagdef_id]"
  } ]
}
[2025-11-13T13:49:03.074+0000] {carga_pacientes_dag.py:137} ERROR - Falha na linha 25 (Larissa Gomes): 500 - {
  "resourceType": "OperationOutcome",
  "issue": [ {
    "severity": "error",
    "code": "processing",
    "diagnostics": "HAPI-2023: Tag get/create failed after 10 attempts with error(s): could not extract ResultSet [ERROR: syntax error at or near \"seq_tagdef_id\"\n  Position: 23] [select next value for seq_tagdef_id], could not extract ResultSet [ERROR: syntax error at or near \"seq_tagdef_id\"\n  Position: 23] [select next value for seq_tagdef_id], could not extract ResultSet [ERROR: syntax error at or near \"seq_tagdef_id\"\n  Position: 23] [select next value for seq_tagdef_id], could not extract ResultSet [ERROR: syntax error at or near \"seq_tagdef_id\"\n  Position: 23] [select next value for seq_tagdef_id], could not extract ResultSet [ERROR: syntax error at or near \"seq_tagdef_id\"\n  Position: 23] [select next value for seq_tagdef_id], could not extract ResultSet [ERROR: syntax error at or near \"seq_tagdef_id\"\n  Position: 23] [select next value for seq_tagdef_id], could not extract ResultSet [ERROR: syntax error at or near \"seq_tagdef_id\"\n  Position: 23] [select next value for seq_tagdef_id], could not extract ResultSet [ERROR: syntax error at or near \"seq_tagdef_id\"\n  Position: 23] [select next value for seq_tagdef_id], could not extract ResultSet [ERROR: syntax error at or near \"seq_tagdef_id\"\n  Position: 23] [select next value for seq_tagdef_id], could not extract ResultSet [ERROR: syntax error at or near \"seq_tagdef_id\"\n  Position: 23] [select next value for seq_tagdef_id]"
  } ]
}
[2025-11-13T13:49:03.091+0000] {carga_pacientes_dag.py:137} ERROR - Falha na linha 26 (Vinicius Martins): 500 - {
  "resourceType": "OperationOutcome",
  "issue": [ {
    "severity": "error",
    "code": "processing",
    "diagnostics": "HAPI-2023: Tag get/create failed after 10 attempts with error(s): could not extract ResultSet [ERROR: syntax error at or near \"seq_tagdef_id\"\n  Position: 23] [select next value for seq_tagdef_id], could not extract ResultSet [ERROR: syntax error at or near \"seq_tagdef_id\"\n  Position: 23] [select next value for seq_tagdef_id], could not extract ResultSet [ERROR: syntax error at or near \"seq_tagdef_id\"\n  Position: 23] [select next value for seq_tagdef_id], could not extract ResultSet [ERROR: syntax error at or near \"seq_tagdef_id\"\n  Position: 23] [select next value for seq_tagdef_id], could not extract ResultSet [ERROR: syntax error at or near \"seq_tagdef_id\"\n  Position: 23] [select next value for seq_tagdef_id], could not extract ResultSet [ERROR: syntax error at or near \"seq_tagdef_id\"\n  Position: 23] [select next value for seq_tagdef_id], could not extract ResultSet [ERROR: syntax error at or near \"seq_tagdef_id\"\n  Position: 23] [select next value for seq_tagdef_id], could not extract ResultSet [ERROR: syntax error at or near \"seq_tagdef_id\"\n  Position: 23] [select next value for seq_tagdef_id], could not extract ResultSet [ERROR: syntax error at or near \"seq_tagdef_id\"\n  Position: 23] [select next value for seq_tagdef_id], could not extract ResultSet [ERROR: syntax error at or near \"seq_tagdef_id\"\n  Position: 23] [select next value for seq_tagdef_id]"
  } ]
}
[2025-11-13T13:49:03.111+0000] {carga_pacientes_dag.py:137} ERROR - Falha na linha 27 (Amanda Lima): 500 - {
  "resourceType": "OperationOutcome",
  "issue": [ {
    "severity": "error",
    "code": "processing",
    "diagnostics": "HAPI-2023: Tag get/create failed after 10 attempts with error(s): could not extract ResultSet [ERROR: syntax error at or near \"seq_tagdef_id\"\n  Position: 23] [select next value for seq_tagdef_id], could not extract ResultSet [ERROR: syntax error at or near \"seq_tagdef_id\"\n  Position: 23] [select next value for seq_tagdef_id], could not extract ResultSet [ERROR: syntax error at or near \"seq_tagdef_id\"\n  Position: 23] [select next value for seq_tagdef_id], could not extract ResultSet [ERROR: syntax error at or near \"seq_tagdef_id\"\n  Position: 23] [select next value for seq_tagdef_id], could not extract ResultSet [ERROR: syntax error at or near \"seq_tagdef_id\"\n  Position: 23] [select next value for seq_tagdef_id], could not extract ResultSet [ERROR: syntax error at or near \"seq_tagdef_id\"\n  Position: 23] [select next value for seq_tagdef_id], could not extract ResultSet [ERROR: syntax error at or near \"seq_tagdef_id\"\n  Position: 23] [select next value for seq_tagdef_id], could not extract ResultSet [ERROR: syntax error at or near \"seq_tagdef_id\"\n  Position: 23] [select next value for seq_tagdef_id], could not extract ResultSet [ERROR: syntax error at or near \"seq_tagdef_id\"\n  Position: 23] [select next value for seq_tagdef_id], could not extract ResultSet [ERROR: syntax error at or near \"seq_tagdef_id\"\n  Position: 23] [select next value for seq_tagdef_id]"
  } ]
}
[2025-11-13T13:49:03.128+0000] {carga_pacientes_dag.py:137} ERROR - Falha na linha 28 (Rafaela Pereira): 500 - {
  "resourceType": "OperationOutcome",
  "issue": [ {
    "severity": "error",
    "code": "processing",
    "diagnostics": "HAPI-2023: Tag get/create failed after 10 attempts with error(s): could not extract ResultSet [ERROR: syntax error at or near \"seq_tagdef_id\"\n  Position: 23] [select next value for seq_tagdef_id], could not extract ResultSet [ERROR: syntax error at or near \"seq_tagdef_id\"\n  Position: 23] [select next value for seq_tagdef_id], could not extract ResultSet [ERROR: syntax error at or near \"seq_tagdef_id\"\n  Position: 23] [select next value for seq_tagdef_id], could not extract ResultSet [ERROR: syntax error at or near \"seq_tagdef_id\"\n  Position: 23] [select next value for seq_tagdef_id], could not extract ResultSet [ERROR: syntax error at or near \"seq_tagdef_id\"\n  Position: 23] [select next value for seq_tagdef_id], could not extract ResultSet [ERROR: syntax error at or near \"seq_tagdef_id\"\n  Position: 23] [select next value for seq_tagdef_id], could not extract ResultSet [ERROR: syntax error at or near \"seq_tagdef_id\"\n  Position: 23] [select next value for seq_tagdef_id], could not extract ResultSet [ERROR: syntax error at or near \"seq_tagdef_id\"\n  Position: 23] [select next value for seq_tagdef_id], could not extract ResultSet [ERROR: syntax error at or near \"seq_tagdef_id\"\n  Position: 23] [select next value for seq_tagdef_id], could not extract ResultSet [ERROR: syntax error at or near \"seq_tagdef_id\"\n  Position: 23] [select next value for seq_tagdef_id]"
  } ]
}
[2025-11-13T13:49:03.143+0000] {carga_pacientes_dag.py:137} ERROR - Falha na linha 29 (Gustavo Oliveira): 500 - {
  "resourceType": "OperationOutcome",
  "issue": [ {
    "severity": "error",
    "code": "processing",
    "diagnostics": "HAPI-2023: Tag get/create failed after 10 attempts with error(s): could not extract ResultSet [ERROR: syntax error at or near \"seq_tagdef_id\"\n  Position: 23] [select next value for seq_tagdef_id], could not extract ResultSet [ERROR: syntax error at or near \"seq_tagdef_id\"\n  Position: 23] [select next value for seq_tagdef_id], could not extract ResultSet [ERROR: syntax error at or near \"seq_tagdef_id\"\n  Position: 23] [select next value for seq_tagdef_id], could not extract ResultSet [ERROR: syntax error at or near \"seq_tagdef_id\"\n  Position: 23] [select next value for seq_tagdef_id], could not extract ResultSet [ERROR: syntax error at or near \"seq_tagdef_id\"\n  Position: 23] [select next value for seq_tagdef_id], could not extract ResultSet [ERROR: syntax error at or near \"seq_tagdef_id\"\n  Position: 23] [select next value for seq_tagdef_id], could not extract ResultSet [ERROR: syntax error at or near \"seq_tagdef_id\"\n  Position: 23] [select next value for seq_tagdef_id], could not extract ResultSet [ERROR: syntax error at or near \"seq_tagdef_id\"\n  Position: 23] [select next value for seq_tagdef_id], could not extract ResultSet [ERROR: syntax error at or near \"seq_tagdef_id\"\n  Position: 23] [select next value for seq_tagdef_id], could not extract ResultSet [ERROR: syntax error at or near \"seq_tagdef_id\"\n  Position: 23] [select next value for seq_tagdef_id]"
  } ]
}
[2025-11-13T13:49:03.162+0000] {carga_pacientes_dag.py:137} ERROR - Falha na linha 30 (Sofia Costa): 500 - {
  "resourceType": "OperationOutcome",
  "issue": [ {
    "severity": "error",
    "code": "processing",
    "diagnostics": "HAPI-2023: Tag get/create failed after 10 attempts with error(s): could not extract ResultSet [ERROR: syntax error at or near \"seq_tagdef_id\"\n  Position: 23] [select next value for seq_tagdef_id], could not extract ResultSet [ERROR: syntax error at or near \"seq_tagdef_id\"\n  Position: 23] [select next value for seq_tagdef_id], could not extract ResultSet [ERROR: syntax error at or near \"seq_tagdef_id\"\n  Position: 23] [select next value for seq_tagdef_id], could not extract ResultSet [ERROR: syntax error at or near \"seq_tagdef_id\"\n  Position: 23] [select next value for seq_tagdef_id], could not extract ResultSet [ERROR: syntax error at or near \"seq_tagdef_id\"\n  Position: 23] [select next value for seq_tagdef_id], could not extract ResultSet [ERROR: syntax error at or near \"seq_tagdef_id\"\n  Position: 23] [select next value for seq_tagdef_id], could not extract ResultSet [ERROR: syntax error at or near \"seq_tagdef_id\"\n  Position: 23] [select next value for seq_tagdef_id], could not extract ResultSet [ERROR: syntax error at or near \"seq_tagdef_id\"\n  Position: 23] [select next value for seq_tagdef_id], could not extract ResultSet [ERROR: syntax error at or near \"seq_tagdef_id\"\n  Position: 23] [select next value for seq_tagdef_id], could not extract ResultSet [ERROR: syntax error at or near \"seq_tagdef_id\"\n  Position: 23] [select next value for seq_tagdef_id]"
  } ]
}
[2025-11-13T13:49:03.183+0000] {carga_pacientes_dag.py:137} ERROR - Falha na linha 31 (Leonardo Santos): 500 - {
  "resourceType": "OperationOutcome",
  "issue": [ {
    "severity": "error",
    "code": "processing",
    "diagnostics": "HAPI-2023: Tag get/create failed after 10 attempts with error(s): could not extract ResultSet [ERROR: syntax error at or near \"seq_tagdef_id\"\n  Position: 23] [select next value for seq_tagdef_id], could not extract ResultSet [ERROR: syntax error at or near \"seq_tagdef_id\"\n  Position: 23] [select next value for seq_tagdef_id], could not extract ResultSet [ERROR: syntax error at or near \"seq_tagdef_id\"\n  Position: 23] [select next value for seq_tagdef_id], could not extract ResultSet [ERROR: syntax error at or near \"seq_tagdef_id\"\n  Position: 23] [select next value for seq_tagdef_id], could not extract ResultSet [ERROR: syntax error at or near \"seq_tagdef_id\"\n  Position: 23] [select next value for seq_tagdef_id], could not extract ResultSet [ERROR: syntax error at or near \"seq_tagdef_id\"\n  Position: 23] [select next value for seq_tagdef_id], could not extract ResultSet [ERROR: syntax error at or near \"seq_tagdef_id\"\n  Position: 23] [select next value for seq_tagdef_id], could not extract ResultSet [ERROR: syntax error at or near \"seq_tagdef_id\"\n  Position: 23] [select next value for seq_tagdef_id], could not extract ResultSet [ERROR: syntax error at or near \"seq_tagdef_id\"\n  Position: 23] [select next value for seq_tagdef_id], could not extract ResultSet [ERROR: syntax error at or near \"seq_tagdef_id\"\n  Position: 23] [select next value for seq_tagdef_id]"
  } ]
}
[2025-11-13T13:49:03.202+0000] {carga_pacientes_dag.py:137} ERROR - Falha na linha 32 (Beatriz Almeida): 500 - {
  "resourceType": "OperationOutcome",
  "issue": [ {
    "severity": "error",
    "code": "processing",
    "diagnostics": "HAPI-2023: Tag get/create failed after 10 attempts with error(s): could not extract ResultSet [ERROR: syntax error at or near \"seq_tagdef_id\"\n  Position: 23] [select next value for seq_tagdef_id], could not extract ResultSet [ERROR: syntax error at or near \"seq_tagdef_id\"\n  Position: 23] [select next value for seq_tagdef_id], could not extract ResultSet [ERROR: syntax error at or near \"seq_tagdef_id\"\n  Position: 23] [select next value for seq_tagdef_id], could not extract ResultSet [ERROR: syntax error at or near \"seq_tagdef_id\"\n  Position: 23] [select next value for seq_tagdef_id], could not extract ResultSet [ERROR: syntax error at or near \"seq_tagdef_id\"\n  Position: 23] [select next value for seq_tagdef_id], could not extract ResultSet [ERROR: syntax error at or near \"seq_tagdef_id\"\n  Position: 23] [select next value for seq_tagdef_id], could not extract ResultSet [ERROR: syntax error at or near \"seq_tagdef_id\"\n  Position: 23] [select next value for seq_tagdef_id], could not extract ResultSet [ERROR: syntax error at or near \"seq_tagdef_id\"\n  Position: 23] [select next value for seq_tagdef_id], could not extract ResultSet [ERROR: syntax error at or near \"seq_tagdef_id\"\n  Position: 23] [select next value for seq_tagdef_id], could not extract ResultSet [ERROR: syntax error at or near \"seq_tagdef_id\"\n  Position: 23] [select next value for seq_tagdef_id]"
  } ]
}
[2025-11-13T13:49:03.221+0000] {carga_pacientes_dag.py:137} ERROR - Falha na linha 33 (Matheus Ferreira): 500 - {
  "resourceType": "OperationOutcome",
  "issue": [ {
    "severity": "error",
    "code": "processing",
    "diagnostics": "HAPI-2023: Tag get/create failed after 10 attempts with error(s): could not extract ResultSet [ERROR: syntax error at or near \"seq_tagdef_id\"\n  Position: 23] [select next value for seq_tagdef_id], could not extract ResultSet [ERROR: syntax error at or near \"seq_tagdef_id\"\n  Position: 23] [select next value for seq_tagdef_id], could not extract ResultSet [ERROR: syntax error at or near \"seq_tagdef_id\"\n  Position: 23] [select next value for seq_tagdef_id], could not extract ResultSet [ERROR: syntax error at or near \"seq_tagdef_id\"\n  Position: 23] [select next value for seq_tagdef_id], could not extract ResultSet [ERROR: syntax error at or near \"seq_tagdef_id\"\n  Position: 23] [select next value for seq_tagdef_id], could not extract ResultSet [ERROR: syntax error at or near \"seq_tagdef_id\"\n  Position: 23] [select next value for seq_tagdef_id], could not extract ResultSet [ERROR: syntax error at or near \"seq_tagdef_id\"\n  Position: 23] [select next value for seq_tagdef_id], could not extract ResultSet [ERROR: syntax error at or near \"seq_tagdef_id\"\n  Position: 23] [select next value for seq_tagdef_id], could not extract ResultSet [ERROR: syntax error at or near \"seq_tagdef_id\"\n  Position: 23] [select next value for seq_tagdef_id], could not extract ResultSet [ERROR: syntax error at or near \"seq_tagdef_id\"\n  Position: 23] [select next value for seq_tagdef_id]"
  } ]
}
[2025-11-13T13:49:03.238+0000] {carga_pacientes_dag.py:137} ERROR - Falha na linha 34 (Eduarda Gomes): 500 - {
  "resourceType": "OperationOutcome",
  "issue": [ {
    "severity": "error",
    "code": "processing",
    "diagnostics": "HAPI-2023: Tag get/create failed after 10 attempts with error(s): could not extract ResultSet [ERROR: syntax error at or near \"seq_tagdef_id\"\n  Position: 23] [select next value for seq_tagdef_id], could not extract ResultSet [ERROR: syntax error at or near \"seq_tagdef_id\"\n  Position: 23] [select next value for seq_tagdef_id], could not extract ResultSet [ERROR: syntax error at or near \"seq_tagdef_id\"\n  Position: 23] [select next value for seq_tagdef_id], could not extract ResultSet [ERROR: syntax error at or near \"seq_tagdef_id\"\n  Position: 23] [select next value for seq_tagdef_id], could not extract ResultSet [ERROR: syntax error at or near \"seq_tagdef_id\"\n  Position: 23] [select next value for seq_tagdef_id], could not extract ResultSet [ERROR: syntax error at or near \"seq_tagdef_id\"\n  Position: 23] [select next value for seq_tagdef_id], could not extract ResultSet [ERROR: syntax error at or near \"seq_tagdef_id\"\n  Position: 23] [select next value for seq_tagdef_id], could not extract ResultSet [ERROR: syntax error at or near \"seq_tagdef_id\"\n  Position: 23] [select next value for seq_tagdef_id], could not extract ResultSet [ERROR: syntax error at or near \"seq_tagdef_id\"\n  Position: 23] [select next value for seq_tagdef_id], could not extract ResultSet [ERROR: syntax error at or near \"seq_tagdef_id\"\n  Position: 23] [select next value for seq_tagdef_id]"
  } ]
}
[2025-11-13T13:49:03.254+0000] {carga_pacientes_dag.py:137} ERROR - Falha na linha 35 (Rafael Oliveira): 500 - {
  "resourceType": "OperationOutcome",
  "issue": [ {
    "severity": "error",
    "code": "processing",
    "diagnostics": "HAPI-2023: Tag get/create failed after 10 attempts with error(s): could not extract ResultSet [ERROR: syntax error at or near \"seq_tagdef_id\"\n  Position: 23] [select next value for seq_tagdef_id], could not extract ResultSet [ERROR: syntax error at or near \"seq_tagdef_id\"\n  Position: 23] [select next value for seq_tagdef_id], could not extract ResultSet [ERROR: syntax error at or near \"seq_tagdef_id\"\n  Position: 23] [select next value for seq_tagdef_id], could not extract ResultSet [ERROR: syntax error at or near \"seq_tagdef_id\"\n  Position: 23] [select next value for seq_tagdef_id], could not extract ResultSet [ERROR: syntax error at or near \"seq_tagdef_id\"\n  Position: 23] [select next value for seq_tagdef_id], could not extract ResultSet [ERROR: syntax error at or near \"seq_tagdef_id\"\n  Position: 23] [select next value for seq_tagdef_id], could not extract ResultSet [ERROR: syntax error at or near \"seq_tagdef_id\"\n  Position: 23] [select next value for seq_tagdef_id], could not extract ResultSet [ERROR: syntax error at or near \"seq_tagdef_id\"\n  Position: 23] [select next value for seq_tagdef_id], could not extract ResultSet [ERROR: syntax error at or near \"seq_tagdef_id\"\n  Position: 23] [select next value for seq_tagdef_id], could not extract ResultSet [ERROR: syntax error at or near \"seq_tagdef_id\"\n  Position: 23] [select next value for seq_tagdef_id]"
  } ]
}
[2025-11-13T13:49:03.271+0000] {carga_pacientes_dag.py:137} ERROR - Falha na linha 36 (Carolina Lima): 500 - {
  "resourceType": "OperationOutcome",
  "issue": [ {
    "severity": "error",
    "code": "processing",
    "diagnostics": "HAPI-2023: Tag get/create failed after 10 attempts with error(s): could not extract ResultSet [ERROR: syntax error at or near \"seq_tagdef_id\"\n  Position: 23] [select next value for seq_tagdef_id], could not extract ResultSet [ERROR: syntax error at or near \"seq_tagdef_id\"\n  Position: 23] [select next value for seq_tagdef_id], could not extract ResultSet [ERROR: syntax error at or near \"seq_tagdef_id\"\n  Position: 23] [select next value for seq_tagdef_id], could not extract ResultSet [ERROR: syntax error at or near \"seq_tagdef_id\"\n  Position: 23] [select next value for seq_tagdef_id], could not extract ResultSet [ERROR: syntax error at or near \"seq_tagdef_id\"\n  Position: 23] [select next value for seq_tagdef_id], could not extract ResultSet [ERROR: syntax error at or near \"seq_tagdef_id\"\n  Position: 23] [select next value for seq_tagdef_id], could not extract ResultSet [ERROR: syntax error at or near \"seq_tagdef_id\"\n  Position: 23] [select next value for seq_tagdef_id], could not extract ResultSet [ERROR: syntax error at or near \"seq_tagdef_id\"\n  Position: 23] [select next value for seq_tagdef_id], could not extract ResultSet [ERROR: syntax error at or near \"seq_tagdef_id\"\n  Position: 23] [select next value for seq_tagdef_id], could not extract ResultSet [ERROR: syntax error at or near \"seq_tagdef_id\"\n  Position: 23] [select next value for seq_tagdef_id]"
  } ]
}
[2025-11-13T13:49:03.292+0000] {carga_pacientes_dag.py:137} ERROR - Falha na linha 37 (Gabriel Martins): 500 - {
  "resourceType": "OperationOutcome",
  "issue": [ {
    "severity": "error",
    "code": "processing",
    "diagnostics": "HAPI-2023: Tag get/create failed after 10 attempts with error(s): could not extract ResultSet [ERROR: syntax error at or near \"seq_tagdef_id\"\n  Position: 23] [select next value for seq_tagdef_id], could not extract ResultSet [ERROR: syntax error at or near \"seq_tagdef_id\"\n  Position: 23] [select next value for seq_tagdef_id], could not extract ResultSet [ERROR: syntax error at or near \"seq_tagdef_id\"\n  Position: 23] [select next value for seq_tagdef_id], could not extract ResultSet [ERROR: syntax error at or near \"seq_tagdef_id\"\n  Position: 23] [select next value for seq_tagdef_id], could not extract ResultSet [ERROR: syntax error at or near \"seq_tagdef_id\"\n  Position: 23] [select next value for seq_tagdef_id], could not extract ResultSet [ERROR: syntax error at or near \"seq_tagdef_id\"\n  Position: 23] [select next value for seq_tagdef_id], could not extract ResultSet [ERROR: syntax error at or near \"seq_tagdef_id\"\n  Position: 23] [select next value for seq_tagdef_id], could not extract ResultSet [ERROR: syntax error at or near \"seq_tagdef_id\"\n  Position: 23] [select next value for seq_tagdef_id], could not extract ResultSet [ERROR: syntax error at or near \"seq_tagdef_id\"\n  Position: 23] [select next value for seq_tagdef_id], could not extract ResultSet [ERROR: syntax error at or near \"seq_tagdef_id\"\n  Position: 23] [select next value for seq_tagdef_id]"
  } ]
}
[2025-11-13T13:49:03.309+0000] {carga_pacientes_dag.py:137} ERROR - Falha na linha 38 (Fernanda Costa): 500 - {
  "resourceType": "OperationOutcome",
  "issue": [ {
    "severity": "error",
    "code": "processing",
    "diagnostics": "HAPI-2023: Tag get/create failed after 10 attempts with error(s): could not extract ResultSet [ERROR: syntax error at or near \"seq_tagdef_id\"\n  Position: 23] [select next value for seq_tagdef_id], could not extract ResultSet [ERROR: syntax error at or near \"seq_tagdef_id\"\n  Position: 23] [select next value for seq_tagdef_id], could not extract ResultSet [ERROR: syntax error at or near \"seq_tagdef_id\"\n  Position: 23] [select next value for seq_tagdef_id], could not extract ResultSet [ERROR: syntax error at or near \"seq_tagdef_id\"\n  Position: 23] [select next value for seq_tagdef_id], could not extract ResultSet [ERROR: syntax error at or near \"seq_tagdef_id\"\n  Position: 23] [select next value for seq_tagdef_id], could not extract ResultSet [ERROR: syntax error at or near \"seq_tagdef_id\"\n  Position: 23] [select next value for seq_tagdef_id], could not extract ResultSet [ERROR: syntax error at or near \"seq_tagdef_id\"\n  Position: 23] [select next value for seq_tagdef_id], could not extract ResultSet [ERROR: syntax error at or near \"seq_tagdef_id\"\n  Position: 23] [select next value for seq_tagdef_id], could not extract ResultSet [ERROR: syntax error at or near \"seq_tagdef_id\"\n  Position: 23] [select next value for seq_tagdef_id], could not extract ResultSet [ERROR: syntax error at or near \"seq_tagdef_id\"\n  Position: 23] [select next value for seq_tagdef_id]"
  } ]
}
[2025-11-13T13:49:03.326+0000] {carga_pacientes_dag.py:137} ERROR - Falha na linha 39 (Lucas Santos): 500 - {
  "resourceType": "OperationOutcome",
  "issue": [ {
    "severity": "error",
    "code": "processing",
    "diagnostics": "HAPI-2023: Tag get/create failed after 10 attempts with error(s): could not extract ResultSet [ERROR: syntax error at or near \"seq_tagdef_id\"\n  Position: 23] [select next value for seq_tagdef_id], could not extract ResultSet [ERROR: syntax error at or near \"seq_tagdef_id\"\n  Position: 23] [select next value for seq_tagdef_id], could not extract ResultSet [ERROR: syntax error at or near \"seq_tagdef_id\"\n  Position: 23] [select next value for seq_tagdef_id], could not extract ResultSet [ERROR: syntax error at or near \"seq_tagdef_id\"\n  Position: 23] [select next value for seq_tagdef_id], could not extract ResultSet [ERROR: syntax error at or near \"seq_tagdef_id\"\n  Position: 23] [select next value for seq_tagdef_id], could not extract ResultSet [ERROR: syntax error at or near \"seq_tagdef_id\"\n  Position: 23] [select next value for seq_tagdef_id], could not extract ResultSet [ERROR: syntax error at or near \"seq_tagdef_id\"\n  Position: 23] [select next value for seq_tagdef_id], could not extract ResultSet [ERROR: syntax error at or near \"seq_tagdef_id\"\n  Position: 23] [select next value for seq_tagdef_id], could not extract ResultSet [ERROR: syntax error at or near \"seq_tagdef_id\"\n  Position: 23] [select next value for seq_tagdef_id], could not extract ResultSet [ERROR: syntax error at or near \"seq_tagdef_id\"\n  Position: 23] [select next value for seq_tagdef_id]"
  } ]
}
[2025-11-13T13:49:03.341+0000] {carga_pacientes_dag.py:137} ERROR - Falha na linha 40 (Luana Almeida): 500 - {
  "resourceType": "OperationOutcome",
  "issue": [ {
    "severity": "error",
    "code": "processing",
    "diagnostics": "HAPI-2023: Tag get/create failed after 10 attempts with error(s): could not extract ResultSet [ERROR: syntax error at or near \"seq_tagdef_id\"\n  Position: 23] [select next value for seq_tagdef_id], could not extract ResultSet [ERROR: syntax error at or near \"seq_tagdef_id\"\n  Position: 23] [select next value for seq_tagdef_id], could not extract ResultSet [ERROR: syntax error at or near \"seq_tagdef_id\"\n  Position: 23] [select next value for seq_tagdef_id], could not extract ResultSet [ERROR: syntax error at or near \"seq_tagdef_id\"\n  Position: 23] [select next value for seq_tagdef_id], could not extract ResultSet [ERROR: syntax error at or near \"seq_tagdef_id\"\n  Position: 23] [select next value for seq_tagdef_id], could not extract ResultSet [ERROR: syntax error at or near \"seq_tagdef_id\"\n  Position: 23] [select next value for seq_tagdef_id], could not extract ResultSet [ERROR: syntax error at or near \"seq_tagdef_id\"\n  Position: 23] [select next value for seq_tagdef_id], could not extract ResultSet [ERROR: syntax error at or near \"seq_tagdef_id\"\n  Position: 23] [select next value for seq_tagdef_id], could not extract ResultSet [ERROR: syntax error at or near \"seq_tagdef_id\"\n  Position: 23] [select next value for seq_tagdef_id], could not extract ResultSet [ERROR: syntax error at or near \"seq_tagdef_id\"\n  Position: 23] [select next value for seq_tagdef_id]"
  } ]
}
[2025-11-13T13:49:03.356+0000] {carga_pacientes_dag.py:137} ERROR - Falha na linha 41 (Matheus Ferreira): 500 - {
  "resourceType": "OperationOutcome",
  "issue": [ {
    "severity": "error",
    "code": "processing",
    "diagnostics": "HAPI-2023: Tag get/create failed after 10 attempts with error(s): could not extract ResultSet [ERROR: syntax error at or near \"seq_tagdef_id\"\n  Position: 23] [select next value for seq_tagdef_id], could not extract ResultSet [ERROR: syntax error at or near \"seq_tagdef_id\"\n  Position: 23] [select next value for seq_tagdef_id], could not extract ResultSet [ERROR: syntax error at or near \"seq_tagdef_id\"\n  Position: 23] [select next value for seq_tagdef_id], could not extract ResultSet [ERROR: syntax error at or near \"seq_tagdef_id\"\n  Position: 23] [select next value for seq_tagdef_id], could not extract ResultSet [ERROR: syntax error at or near \"seq_tagdef_id\"\n  Position: 23] [select next value for seq_tagdef_id], could not extract ResultSet [ERROR: syntax error at or near \"seq_tagdef_id\"\n  Position: 23] [select next value for seq_tagdef_id], could not extract ResultSet [ERROR: syntax error at or near \"seq_tagdef_id\"\n  Position: 23] [select next value for seq_tagdef_id], could not extract ResultSet [ERROR: syntax error at or near \"seq_tagdef_id\"\n  Position: 23] [select next value for seq_tagdef_id], could not extract ResultSet [ERROR: syntax error at or near \"seq_tagdef_id\"\n  Position: 23] [select next value for seq_tagdef_id], could not extract ResultSet [ERROR: syntax error at or near \"seq_tagdef_id\"\n  Position: 23] [select next value for seq_tagdef_id]"
  } ]
}
[2025-11-13T13:49:03.370+0000] {carga_pacientes_dag.py:137} ERROR - Falha na linha 42 (Giovanna Gomes): 500 - {
  "resourceType": "OperationOutcome",
  "issue": [ {
    "severity": "error",
    "code": "processing",
    "diagnostics": "HAPI-2023: Tag get/create failed after 10 attempts with error(s): could not extract ResultSet [ERROR: syntax error at or near \"seq_tagdef_id\"\n  Position: 23] [select next value for seq_tagdef_id], could not extract ResultSet [ERROR: syntax error at or near \"seq_tagdef_id\"\n  Position: 23] [select next value for seq_tagdef_id], could not extract ResultSet [ERROR: syntax error at or near \"seq_tagdef_id\"\n  Position: 23] [select next value for seq_tagdef_id], could not extract ResultSet [ERROR: syntax error at or near \"seq_tagdef_id\"\n  Position: 23] [select next value for seq_tagdef_id], could not extract ResultSet [ERROR: syntax error at or near \"seq_tagdef_id\"\n  Position: 23] [select next value for seq_tagdef_id], could not extract ResultSet [ERROR: syntax error at or near \"seq_tagdef_id\"\n  Position: 23] [select next value for seq_tagdef_id], could not extract ResultSet [ERROR: syntax error at or near \"seq_tagdef_id\"\n  Position: 23] [select next value for seq_tagdef_id], could not extract ResultSet [ERROR: syntax error at or near \"seq_tagdef_id\"\n  Position: 23] [select next value for seq_tagdef_id], could not extract ResultSet [ERROR: syntax error at or near \"seq_tagdef_id\"\n  Position: 23] [select next value for seq_tagdef_id], could not extract ResultSet [ERROR: syntax error at or near \"seq_tagdef_id\"\n  Position: 23] [select next value for seq_tagdef_id]"
  } ]
}
[2025-11-13T13:49:03.384+0000] {carga_pacientes_dag.py:137} ERROR - Falha na linha 43 (Vitor Oliveira): 500 - {
  "resourceType": "OperationOutcome",
  "issue": [ {
    "severity": "error",
    "code": "processing",
    "diagnostics": "HAPI-2023: Tag get/create failed after 10 attempts with error(s): could not extract ResultSet [ERROR: syntax error at or near \"seq_tagdef_id\"\n  Position: 23] [select next value for seq_tagdef_id], could not extract ResultSet [ERROR: syntax error at or near \"seq_tagdef_id\"\n  Position: 23] [select next value for seq_tagdef_id], could not extract ResultSet [ERROR: syntax error at or near \"seq_tagdef_id\"\n  Position: 23] [select next value for seq_tagdef_id], could not extract ResultSet [ERROR: syntax error at or near \"seq_tagdef_id\"\n  Position: 23] [select next value for seq_tagdef_id], could not extract ResultSet [ERROR: syntax error at or near \"seq_tagdef_id\"\n  Position: 23] [select next value for seq_tagdef_id], could not extract ResultSet [ERROR: syntax error at or near \"seq_tagdef_id\"\n  Position: 23] [select next value for seq_tagdef_id], could not extract ResultSet [ERROR: syntax error at or near \"seq_tagdef_id\"\n  Position: 23] [select next value for seq_tagdef_id], could not extract ResultSet [ERROR: syntax error at or near \"seq_tagdef_id\"\n  Position: 23] [select next value for seq_tagdef_id], could not extract ResultSet [ERROR: syntax error at or near \"seq_tagdef_id\"\n  Position: 23] [select next value for seq_tagdef_id], could not extract ResultSet [ERROR: syntax error at or near \"seq_tagdef_id\"\n  Position: 23] [select next value for seq_tagdef_id]"
  } ]
}
[2025-11-13T13:49:03.398+0000] {carga_pacientes_dag.py:137} ERROR - Falha na linha 44 (Isabella Lima): 500 - {
  "resourceType": "OperationOutcome",
  "issue": [ {
    "severity": "error",
    "code": "processing",
    "diagnostics": "HAPI-2023: Tag get/create failed after 10 attempts with error(s): could not extract ResultSet [ERROR: syntax error at or near \"seq_tagdef_id\"\n  Position: 23] [select next value for seq_tagdef_id], could not extract ResultSet [ERROR: syntax error at or near \"seq_tagdef_id\"\n  Position: 23] [select next value for seq_tagdef_id], could not extract ResultSet [ERROR: syntax error at or near \"seq_tagdef_id\"\n  Position: 23] [select next value for seq_tagdef_id], could not extract ResultSet [ERROR: syntax error at or near \"seq_tagdef_id\"\n  Position: 23] [select next value for seq_tagdef_id], could not extract ResultSet [ERROR: syntax error at or near \"seq_tagdef_id\"\n  Position: 23] [select next value for seq_tagdef_id], could not extract ResultSet [ERROR: syntax error at or near \"seq_tagdef_id\"\n  Position: 23] [select next value for seq_tagdef_id], could not extract ResultSet [ERROR: syntax error at or near \"seq_tagdef_id\"\n  Position: 23] [select next value for seq_tagdef_id], could not extract ResultSet [ERROR: syntax error at or near \"seq_tagdef_id\"\n  Position: 23] [select next value for seq_tagdef_id], could not extract ResultSet [ERROR: syntax error at or near \"seq_tagdef_id\"\n  Position: 23] [select next value for seq_tagdef_id], could not extract ResultSet [ERROR: syntax error at or near \"seq_tagdef_id\"\n  Position: 23] [select next value for seq_tagdef_id]"
  } ]
}
[2025-11-13T13:49:03.412+0000] {carga_pacientes_dag.py:137} ERROR - Falha na linha 45 (Gustavo Martins): 500 - {
  "resourceType": "OperationOutcome",
  "issue": [ {
    "severity": "error",
    "code": "processing",
    "diagnostics": "HAPI-2023: Tag get/create failed after 10 attempts with error(s): could not extract ResultSet [ERROR: syntax error at or near \"seq_tagdef_id\"\n  Position: 23] [select next value for seq_tagdef_id], could not extract ResultSet [ERROR: syntax error at or near \"seq_tagdef_id\"\n  Position: 23] [select next value for seq_tagdef_id], could not extract ResultSet [ERROR: syntax error at or near \"seq_tagdef_id\"\n  Position: 23] [select next value for seq_tagdef_id], could not extract ResultSet [ERROR: syntax error at or near \"seq_tagdef_id\"\n  Position: 23] [select next value for seq_tagdef_id], could not extract ResultSet [ERROR: syntax error at or near \"seq_tagdef_id\"\n  Position: 23] [select next value for seq_tagdef_id], could not extract ResultSet [ERROR: syntax error at or near \"seq_tagdef_id\"\n  Position: 23] [select next value for seq_tagdef_id], could not extract ResultSet [ERROR: syntax error at or near \"seq_tagdef_id\"\n  Position: 23] [select next value for seq_tagdef_id], could not extract ResultSet [ERROR: syntax error at or near \"seq_tagdef_id\"\n  Position: 23] [select next value for seq_tagdef_id], could not extract ResultSet [ERROR: syntax error at or near \"seq_tagdef_id\"\n  Position: 23] [select next value for seq_tagdef_id], could not extract ResultSet [ERROR: syntax error at or near \"seq_tagdef_id\"\n  Position: 23] [select next value for seq_tagdef_id]"
  } ]
}
[2025-11-13T13:49:03.427+0000] {carga_pacientes_dag.py:137} ERROR - Falha na linha 46 (Mariana Costa): 500 - {
  "resourceType": "OperationOutcome",
  "issue": [ {
    "severity": "error",
    "code": "processing",
    "diagnostics": "HAPI-2023: Tag get/create failed after 10 attempts with error(s): could not extract ResultSet [ERROR: syntax error at or near \"seq_tagdef_id\"\n  Position: 23] [select next value for seq_tagdef_id], could not extract ResultSet [ERROR: syntax error at or near \"seq_tagdef_id\"\n  Position: 23] [select next value for seq_tagdef_id], could not extract ResultSet [ERROR: syntax error at or near \"seq_tagdef_id\"\n  Position: 23] [select next value for seq_tagdef_id], could not extract ResultSet [ERROR: syntax error at or near \"seq_tagdef_id\"\n  Position: 23] [select next value for seq_tagdef_id], could not extract ResultSet [ERROR: syntax error at or near \"seq_tagdef_id\"\n  Position: 23] [select next value for seq_tagdef_id], could not extract ResultSet [ERROR: syntax error at or near \"seq_tagdef_id\"\n  Position: 23] [select next value for seq_tagdef_id], could not extract ResultSet [ERROR: syntax error at or near \"seq_tagdef_id\"\n  Position: 23] [select next value for seq_tagdef_id], could not extract ResultSet [ERROR: syntax error at or near \"seq_tagdef_id\"\n  Position: 23] [select next value for seq_tagdef_id], could not extract ResultSet [ERROR: syntax error at or near \"seq_tagdef_id\"\n  Position: 23] [select next value for seq_tagdef_id], could not extract ResultSet [ERROR: syntax error at or near \"seq_tagdef_id\"\n  Position: 23] [select next value for seq_tagdef_id]"
  } ]
}
[2025-11-13T13:49:03.441+0000] {carga_pacientes_dag.py:137} ERROR - Falha na linha 47 (João Santos): 500 - {
  "resourceType": "OperationOutcome",
  "issue": [ {
    "severity": "error",
    "code": "processing",
    "diagnostics": "HAPI-2023: Tag get/create failed after 10 attempts with error(s): could not extract ResultSet [ERROR: syntax error at or near \"seq_tagdef_id\"\n  Position: 23] [select next value for seq_tagdef_id], could not extract ResultSet [ERROR: syntax error at or near \"seq_tagdef_id\"\n  Position: 23] [select next value for seq_tagdef_id], could not extract ResultSet [ERROR: syntax error at or near \"seq_tagdef_id\"\n  Position: 23] [select next value for seq_tagdef_id], could not extract ResultSet [ERROR: syntax error at or near \"seq_tagdef_id\"\n  Position: 23] [select next value for seq_tagdef_id], could not extract ResultSet [ERROR: syntax error at or near \"seq_tagdef_id\"\n  Position: 23] [select next value for seq_tagdef_id], could not extract ResultSet [ERROR: syntax error at or near \"seq_tagdef_id\"\n  Position: 23] [select next value for seq_tagdef_id], could not extract ResultSet [ERROR: syntax error at or near \"seq_tagdef_id\"\n  Position: 23] [select next value for seq_tagdef_id], could not extract ResultSet [ERROR: syntax error at or near \"seq_tagdef_id\"\n  Position: 23] [select next value for seq_tagdef_id], could not extract ResultSet [ERROR: syntax error at or near \"seq_tagdef_id\"\n  Position: 23] [select next value for seq_tagdef_id], could not extract ResultSet [ERROR: syntax error at or near \"seq_tagdef_id\"\n  Position: 23] [select next value for seq_tagdef_id]"
  } ]
}
[2025-11-13T13:49:03.454+0000] {carga_pacientes_dag.py:137} ERROR - Falha na linha 48 (Camila Almeida): 500 - {
  "resourceType": "OperationOutcome",
  "issue": [ {
    "severity": "error",
    "code": "processing",
    "diagnostics": "HAPI-2023: Tag get/create failed after 10 attempts with error(s): could not extract ResultSet [ERROR: syntax error at or near \"seq_tagdef_id\"\n  Position: 23] [select next value for seq_tagdef_id], could not extract ResultSet [ERROR: syntax error at or near \"seq_tagdef_id\"\n  Position: 23] [select next value for seq_tagdef_id], could not extract ResultSet [ERROR: syntax error at or near \"seq_tagdef_id\"\n  Position: 23] [select next value for seq_tagdef_id], could not extract ResultSet [ERROR: syntax error at or near \"seq_tagdef_id\"\n  Position: 23] [select next value for seq_tagdef_id], could not extract ResultSet [ERROR: syntax error at or near \"seq_tagdef_id\"\n  Position: 23] [select next value for seq_tagdef_id], could not extract ResultSet [ERROR: syntax error at or near \"seq_tagdef_id\"\n  Position: 23] [select next value for seq_tagdef_id], could not extract ResultSet [ERROR: syntax error at or near \"seq_tagdef_id\"\n  Position: 23] [select next value for seq_tagdef_id], could not extract ResultSet [ERROR: syntax error at or near \"seq_tagdef_id\"\n  Position: 23] [select next value for seq_tagdef_id], could not extract ResultSet [ERROR: syntax error at or near \"seq_tagdef_id\"\n  Position: 23] [select next value for seq_tagdef_id], could not extract ResultSet [ERROR: syntax error at or near \"seq_tagdef_id\"\n  Position: 23] [select next value for seq_tagdef_id]"
  } ]
}
[2025-11-13T13:49:03.469+0000] {carga_pacientes_dag.py:137} ERROR - Falha na linha 49 (Pedro Oliveira): 500 - {
  "resourceType": "OperationOutcome",
  "issue": [ {
    "severity": "error",
    "code": "processing",
    "diagnostics": "HAPI-2023: Tag get/create failed after 10 attempts with error(s): could not extract ResultSet [ERROR: syntax error at or near \"seq_tagdef_id\"\n  Position: 23] [select next value for seq_tagdef_id], could not extract ResultSet [ERROR: syntax error at or near \"seq_tagdef_id\"\n  Position: 23] [select next value for seq_tagdef_id], could not extract ResultSet [ERROR: syntax error at or near \"seq_tagdef_id\"\n  Position: 23] [select next value for seq_tagdef_id], could not extract ResultSet [ERROR: syntax error at or near \"seq_tagdef_id\"\n  Position: 23] [select next value for seq_tagdef_id], could not extract ResultSet [ERROR: syntax error at or near \"seq_tagdef_id\"\n  Position: 23] [select next value for seq_tagdef_id], could not extract ResultSet [ERROR: syntax error at or near \"seq_tagdef_id\"\n  Position: 23] [select next value for seq_tagdef_id], could not extract ResultSet [ERROR: syntax error at or near \"seq_tagdef_id\"\n  Position: 23] [select next value for seq_tagdef_id], could not extract ResultSet [ERROR: syntax error at or near \"seq_tagdef_id\"\n  Position: 23] [select next value for seq_tagdef_id], could not extract ResultSet [ERROR: syntax error at or near \"seq_tagdef_id\"\n  Position: 23] [select next value for seq_tagdef_id], could not extract ResultSet [ERROR: syntax error at or near \"seq_tagdef_id\"\n  Position: 23] [select next value for seq_tagdef_id]"
  } ]
}
[2025-11-13T13:49:03.470+0000] {carga_pacientes_dag.py:143} INFO - Carga finalizada. Sucessos: 0, Falhas: 50
[2025-11-13T13:49:03.470+0000] {taskinstance.py:2698} ERROR - Task failed with exception
Traceback (most recent call last):
  File "/home/airflow/.local/lib/python3.8/site-packages/airflow/models/taskinstance.py", line 433, in _execute_task
    result = execute_callable(context=context, **execute_callable_kwargs)
  File "/home/airflow/.local/lib/python3.8/site-packages/airflow/decorators/base.py", line 241, in execute
    return_value = super().execute(context)
  File "/home/airflow/.local/lib/python3.8/site-packages/airflow/operators/python.py", line 199, in execute
    return_value = self.execute_callable()
  File "/home/airflow/.local/lib/python3.8/site-packages/airflow/operators/python.py", line 216, in execute_callable
    return self.python_callable(*self.op_args, **self.op_kwargs)
  File "/opt/airflow/dags/carga_pacientes_dag.py", line 145, in etl_pacientes_csv_para_fhir
    raise Exception(f"{falhas} registros falharam ao carregar.")
Exception: 50 registros falharam ao carregar.
[2025-11-13T13:49:03.476+0000] {taskinstance.py:1138} INFO - Marking task as FAILED. dag_id=carga_pacientes_fhir_bonus_v1, task_id=etl_pacientes_csv_para_fhir, execution_date=20251113T125335, start_date=20251113T134902, end_date=20251113T134903
[2025-11-13T13:49:03.496+0000] {standard_task_runner.py:107} ERROR - Failed to execute job 10 for task etl_pacientes_csv_para_fhir (50 registros falharam ao carregar.; 111)
[2025-11-13T13:49:03.534+0000] {local_task_job_runner.py:234} INFO - Task exited with return code 1
[2025-11-13T13:49:03.551+0000] {taskinstance.py:3280} INFO - 0 downstream tasks scheduled from follow-on schedule check
