[2025-11-13T13:09:12.400+0000] {taskinstance.py:1956} INFO - Dependencies all met for dep_context=non-requeueable deps ti=<TaskInstance: carga_pacientes_fhir_bonus_v1.etl_pacientes_csv_para_fhir manual__2025-11-13T12:53:35.992477+00:00 [queued]>
[2025-11-13T13:09:12.404+0000] {taskinstance.py:1956} INFO - Dependencies all met for dep_context=requeueable deps ti=<TaskInstance: carga_pacientes_fhir_bonus_v1.etl_pacientes_csv_para_fhir manual__2025-11-13T12:53:35.992477+00:00 [queued]>
[2025-11-13T13:09:12.405+0000] {taskinstance.py:2170} INFO - Starting attempt 4 of 4
[2025-11-13T13:09:12.417+0000] {taskinstance.py:2191} INFO - Executing <Task(_PythonDecoratedOperator): etl_pacientes_csv_para_fhir> on 2025-11-13 12:53:35.992477+00:00
[2025-11-13T13:09:12.424+0000] {standard_task_runner.py:60} INFO - Started process 337 to run task
[2025-11-13T13:09:12.427+0000] {standard_task_runner.py:87} INFO - Running: ['***', 'tasks', 'run', 'carga_pacientes_fhir_bonus_v1', 'etl_pacientes_csv_para_fhir', 'manual__2025-11-13T12:53:35.992477+00:00', '--job-id', '6', '--raw', '--subdir', 'DAGS_FOLDER/carga_pacientes_dag.py', '--cfg-path', '/tmp/tmpm1koz_ar']
[2025-11-13T13:09:12.428+0000] {standard_task_runner.py:88} INFO - Job 6: Subtask etl_pacientes_csv_para_fhir
[2025-11-13T13:09:12.461+0000] {task_command.py:423} INFO - Running <TaskInstance: carga_pacientes_fhir_bonus_v1.etl_pacientes_csv_para_fhir manual__2025-11-13T12:53:35.992477+00:00 [running]> on host f51843ef899a
[2025-11-13T13:09:12.513+0000] {taskinstance.py:2480} INFO - Exporting env vars: AIRFLOW_CTX_DAG_OWNER='***' AIRFLOW_CTX_DAG_ID='carga_pacientes_fhir_bonus_v1' AIRFLOW_CTX_TASK_ID='etl_pacientes_csv_para_fhir' AIRFLOW_CTX_EXECUTION_DATE='2025-11-13T12:53:35.992477+00:00' AIRFLOW_CTX_TRY_NUMBER='4' AIRFLOW_CTX_DAG_RUN_ID='manual__2025-11-13T12:53:35.992477+00:00'
[2025-11-13T13:09:12.518+0000] {carga_pacientes_dag.py:114} INFO - Iniciando carga de 50 registros do CSV...
[2025-11-13T13:09:12.535+0000] {carga_pacientes_dag.py:137} ERROR - Falha na linha 0 (João da Silva): 500 - {
  "resourceType": "OperationOutcome",
  "issue": [ {
    "severity": "error",
    "code": "processing",
    "diagnostics": "HAPI-2023: Tag get/create failed after 10 attempts with error(s): could not extract ResultSet [ERROR: syntax error at or near \"seq_tagdef_id\"\n  Position: 23] [select next value for seq_tagdef_id], could not extract ResultSet [ERROR: syntax error at or near \"seq_tagdef_id\"\n  Position: 23] [select next value for seq_tagdef_id], could not extract ResultSet [ERROR: syntax error at or near \"seq_tagdef_id\"\n  Position: 23] [select next value for seq_tagdef_id], could not extract ResultSet [ERROR: syntax error at or near \"seq_tagdef_id\"\n  Position: 23] [select next value for seq_tagdef_id], could not extract ResultSet [ERROR: syntax error at or near \"seq_tagdef_id\"\n  Position: 23] [select next value for seq_tagdef_id], could not extract ResultSet [ERROR: syntax error at or near \"seq_tagdef_id\"\n  Position: 23] [select next value for seq_tagdef_id], could not extract ResultSet [ERROR: syntax error at or near \"seq_tagdef_id\"\n  Position: 23] [select next value for seq_tagdef_id], could not extract ResultSet [ERROR: syntax error at or near \"seq_tagdef_id\"\n  Position: 23] [select next value for seq_tagdef_id], could not extract ResultSet [ERROR: syntax error at or near \"seq_tagdef_id\"\n  Position: 23] [select next value for seq_tagdef_id], could not extract ResultSet [ERROR: syntax error at or near \"seq_tagdef_id\"\n  Position: 23] [select next value for seq_tagdef_id]"
  } ]
}
[2025-11-13T13:09:12.550+0000] {carga_pacientes_dag.py:137} ERROR - Falha na linha 1 (Maria Souza): 500 - {
  "resourceType": "OperationOutcome",
  "issue": [ {
    "severity": "error",
    "code": "processing",
    "diagnostics": "HAPI-2023: Tag get/create failed after 10 attempts with error(s): could not extract ResultSet [ERROR: syntax error at or near \"seq_tagdef_id\"\n  Position: 23] [select next value for seq_tagdef_id], could not extract ResultSet [ERROR: syntax error at or near \"seq_tagdef_id\"\n  Position: 23] [select next value for seq_tagdef_id], could not extract ResultSet [ERROR: syntax error at or near \"seq_tagdef_id\"\n  Position: 23] [select next value for seq_tagdef_id], could not extract ResultSet [ERROR: syntax error at or near \"seq_tagdef_id\"\n  Position: 23] [select next value for seq_tagdef_id], could not extract ResultSet [ERROR: syntax error at or near \"seq_tagdef_id\"\n  Position: 23] [select next value for seq_tagdef_id], could not extract ResultSet [ERROR: syntax error at or near \"seq_tagdef_id\"\n  Position: 23] [select next value for seq_tagdef_id], could not extract ResultSet [ERROR: syntax error at or near \"seq_tagdef_id\"\n  Position: 23] [select next value for seq_tagdef_id], could not extract ResultSet [ERROR: syntax error at or near \"seq_tagdef_id\"\n  Position: 23] [select next value for seq_tagdef_id], could not extract ResultSet [ERROR: syntax error at or near \"seq_tagdef_id\"\n  Position: 23] [select next value for seq_tagdef_id], could not extract ResultSet [ERROR: syntax error at or near \"seq_tagdef_id\"\n  Position: 23] [select next value for seq_tagdef_id]"
  } ]
}
[2025-11-13T13:09:12.564+0000] {carga_pacientes_dag.py:137} ERROR - Falha na linha 2 (Pedro Oliveira): 500 - {
  "resourceType": "OperationOutcome",
  "issue": [ {
    "severity": "error",
    "code": "processing",
    "diagnostics": "HAPI-2023: Tag get/create failed after 10 attempts with error(s): could not extract ResultSet [ERROR: syntax error at or near \"seq_tagdef_id\"\n  Position: 23] [select next value for seq_tagdef_id], could not extract ResultSet [ERROR: syntax error at or near \"seq_tagdef_id\"\n  Position: 23] [select next value for seq_tagdef_id], could not extract ResultSet [ERROR: syntax error at or near \"seq_tagdef_id\"\n  Position: 23] [select next value for seq_tagdef_id], could not extract ResultSet [ERROR: syntax error at or near \"seq_tagdef_id\"\n  Position: 23] [select next value for seq_tagdef_id], could not extract ResultSet [ERROR: syntax error at or near \"seq_tagdef_id\"\n  Position: 23] [select next value for seq_tagdef_id], could not extract ResultSet [ERROR: syntax error at or near \"seq_tagdef_id\"\n  Position: 23] [select next value for seq_tagdef_id], could not extract ResultSet [ERROR: syntax error at or near \"seq_tagdef_id\"\n  Position: 23] [select next value for seq_tagdef_id], could not extract ResultSet [ERROR: syntax error at or near \"seq_tagdef_id\"\n  Position: 23] [select next value for seq_tagdef_id], could not extract ResultSet [ERROR: syntax error at or near \"seq_tagdef_id\"\n  Position: 23] [select next value for seq_tagdef_id], could not extract ResultSet [ERROR: syntax error at or near \"seq_tagdef_id\"\n  Position: 23] [select next value for seq_tagdef_id]"
  } ]
}
[2025-11-13T13:09:12.576+0000] {carga_pacientes_dag.py:137} ERROR - Falha na linha 3 (Ana Santos): 500 - {
  "resourceType": "OperationOutcome",
  "issue": [ {
    "severity": "error",
    "code": "processing",
    "diagnostics": "HAPI-2023: Tag get/create failed after 10 attempts with error(s): could not extract ResultSet [ERROR: syntax error at or near \"seq_tagdef_id\"\n  Position: 23] [select next value for seq_tagdef_id], could not extract ResultSet [ERROR: syntax error at or near \"seq_tagdef_id\"\n  Position: 23] [select next value for seq_tagdef_id], could not extract ResultSet [ERROR: syntax error at or near \"seq_tagdef_id\"\n  Position: 23] [select next value for seq_tagdef_id], could not extract ResultSet [ERROR: syntax error at or near \"seq_tagdef_id\"\n  Position: 23] [select next value for seq_tagdef_id], could not extract ResultSet [ERROR: syntax error at or near \"seq_tagdef_id\"\n  Position: 23] [select next value for seq_tagdef_id], could not extract ResultSet [ERROR: syntax error at or near \"seq_tagdef_id\"\n  Position: 23] [select next value for seq_tagdef_id], could not extract ResultSet [ERROR: syntax error at or near \"seq_tagdef_id\"\n  Position: 23] [select next value for seq_tagdef_id], could not extract ResultSet [ERROR: syntax error at or near \"seq_tagdef_id\"\n  Position: 23] [select next value for seq_tagdef_id], could not extract ResultSet [ERROR: syntax error at or near \"seq_tagdef_id\"\n  Position: 23] [select next value for seq_tagdef_id], could not extract ResultSet [ERROR: syntax error at or near \"seq_tagdef_id\"\n  Position: 23] [select next value for seq_tagdef_id]"
  } ]
}
[2025-11-13T13:09:12.589+0000] {carga_pacientes_dag.py:137} ERROR - Falha na linha 4 (Carlos Costa): 500 - {
  "resourceType": "OperationOutcome",
  "issue": [ {
    "severity": "error",
    "code": "processing",
    "diagnostics": "HAPI-2023: Tag get/create failed after 10 attempts with error(s): could not extract ResultSet [ERROR: syntax error at or near \"seq_tagdef_id\"\n  Position: 23] [select next value for seq_tagdef_id], could not extract ResultSet [ERROR: syntax error at or near \"seq_tagdef_id\"\n  Position: 23] [select next value for seq_tagdef_id], could not extract ResultSet [ERROR: syntax error at or near \"seq_tagdef_id\"\n  Position: 23] [select next value for seq_tagdef_id], could not extract ResultSet [ERROR: syntax error at or near \"seq_tagdef_id\"\n  Position: 23] [select next value for seq_tagdef_id], could not extract ResultSet [ERROR: syntax error at or near \"seq_tagdef_id\"\n  Position: 23] [select next value for seq_tagdef_id], could not extract ResultSet [ERROR: syntax error at or near \"seq_tagdef_id\"\n  Position: 23] [select next value for seq_tagdef_id], could not extract ResultSet [ERROR: syntax error at or near \"seq_tagdef_id\"\n  Position: 23] [select next value for seq_tagdef_id], could not extract ResultSet [ERROR: syntax error at or near \"seq_tagdef_id\"\n  Position: 23] [select next value for seq_tagdef_id], could not extract ResultSet [ERROR: syntax error at or near \"seq_tagdef_id\"\n  Position: 23] [select next value for seq_tagdef_id], could not extract ResultSet [ERROR: syntax error at or near \"seq_tagdef_id\"\n  Position: 23] [select next value for seq_tagdef_id]"
  } ]
}
[2025-11-13T13:09:12.601+0000] {carga_pacientes_dag.py:137} ERROR - Falha na linha 5 (Laura Almeida): 500 - {
  "resourceType": "OperationOutcome",
  "issue": [ {
    "severity": "error",
    "code": "processing",
    "diagnostics": "HAPI-2023: Tag get/create failed after 10 attempts with error(s): could not extract ResultSet [ERROR: syntax error at or near \"seq_tagdef_id\"\n  Position: 23] [select next value for seq_tagdef_id], could not extract ResultSet [ERROR: syntax error at or near \"seq_tagdef_id\"\n  Position: 23] [select next value for seq_tagdef_id], could not extract ResultSet [ERROR: syntax error at or near \"seq_tagdef_id\"\n  Position: 23] [select next value for seq_tagdef_id], could not extract ResultSet [ERROR: syntax error at or near \"seq_tagdef_id\"\n  Position: 23] [select next value for seq_tagdef_id], could not extract ResultSet [ERROR: syntax error at or near \"seq_tagdef_id\"\n  Position: 23] [select next value for seq_tagdef_id], could not extract ResultSet [ERROR: syntax error at or near \"seq_tagdef_id\"\n  Position: 23] [select next value for seq_tagdef_id], could not extract ResultSet [ERROR: syntax error at or near \"seq_tagdef_id\"\n  Position: 23] [select next value for seq_tagdef_id], could not extract ResultSet [ERROR: syntax error at or near \"seq_tagdef_id\"\n  Position: 23] [select next value for seq_tagdef_id], could not extract ResultSet [ERROR: syntax error at or near \"seq_tagdef_id\"\n  Position: 23] [select next value for seq_tagdef_id], could not extract ResultSet [ERROR: syntax error at or near \"seq_tagdef_id\"\n  Position: 23] [select next value for seq_tagdef_id]"
  } ]
}
[2025-11-13T13:09:12.615+0000] {carga_pacientes_dag.py:137} ERROR - Falha na linha 6 (Rafael Ferreira): 500 - {
  "resourceType": "OperationOutcome",
  "issue": [ {
    "severity": "error",
    "code": "processing",
    "diagnostics": "HAPI-2023: Tag get/create failed after 10 attempts with error(s): could not extract ResultSet [ERROR: syntax error at or near \"seq_tagdef_id\"\n  Position: 23] [select next value for seq_tagdef_id], could not extract ResultSet [ERROR: syntax error at or near \"seq_tagdef_id\"\n  Position: 23] [select next value for seq_tagdef_id], could not extract ResultSet [ERROR: syntax error at or near \"seq_tagdef_id\"\n  Position: 23] [select next value for seq_tagdef_id], could not extract ResultSet [ERROR: syntax error at or near \"seq_tagdef_id\"\n  Position: 23] [select next value for seq_tagdef_id], could not extract ResultSet [ERROR: syntax error at or near \"seq_tagdef_id\"\n  Position: 23] [select next value for seq_tagdef_id], could not extract ResultSet [ERROR: syntax error at or near \"seq_tagdef_id\"\n  Position: 23] [select next value for seq_tagdef_id], could not extract ResultSet [ERROR: syntax error at or near \"seq_tagdef_id\"\n  Position: 23] [select next value for seq_tagdef_id], could not extract ResultSet [ERROR: syntax error at or near \"seq_tagdef_id\"\n  Position: 23] [select next value for seq_tagdef_id], could not extract ResultSet [ERROR: syntax error at or near \"seq_tagdef_id\"\n  Position: 23] [select next value for seq_tagdef_id], could not extract ResultSet [ERROR: syntax error at or near \"seq_tagdef_id\"\n  Position: 23] [select next value for seq_tagdef_id]"
  } ]
}
[2025-11-13T13:09:12.628+0000] {carga_pacientes_dag.py:137} ERROR - Falha na linha 7 (Camila Gomes): 500 - {
  "resourceType": "OperationOutcome",
  "issue": [ {
    "severity": "error",
    "code": "processing",
    "diagnostics": "HAPI-2023: Tag get/create failed after 10 attempts with error(s): could not extract ResultSet [ERROR: syntax error at or near \"seq_tagdef_id\"\n  Position: 23] [select next value for seq_tagdef_id], could not extract ResultSet [ERROR: syntax error at or near \"seq_tagdef_id\"\n  Position: 23] [select next value for seq_tagdef_id], could not extract ResultSet [ERROR: syntax error at or near \"seq_tagdef_id\"\n  Position: 23] [select next value for seq_tagdef_id], could not extract ResultSet [ERROR: syntax error at or near \"seq_tagdef_id\"\n  Position: 23] [select next value for seq_tagdef_id], could not extract ResultSet [ERROR: syntax error at or near \"seq_tagdef_id\"\n  Position: 23] [select next value for seq_tagdef_id], could not extract ResultSet [ERROR: syntax error at or near \"seq_tagdef_id\"\n  Position: 23] [select next value for seq_tagdef_id], could not extract ResultSet [ERROR: syntax error at or near \"seq_tagdef_id\"\n  Position: 23] [select next value for seq_tagdef_id], could not extract ResultSet [ERROR: syntax error at or near \"seq_tagdef_id\"\n  Position: 23] [select next value for seq_tagdef_id], could not extract ResultSet [ERROR: syntax error at or near \"seq_tagdef_id\"\n  Position: 23] [select next value for seq_tagdef_id], could not extract ResultSet [ERROR: syntax error at or near \"seq_tagdef_id\"\n  Position: 23] [select next value for seq_tagdef_id]"
  } ]
}
[2025-11-13T13:09:12.640+0000] {carga_pacientes_dag.py:137} ERROR - Falha na linha 8 (Tiago Martins): 500 - {
  "resourceType": "OperationOutcome",
  "issue": [ {
    "severity": "error",
    "code": "processing",
    "diagnostics": "HAPI-2023: Tag get/create failed after 10 attempts with error(s): could not extract ResultSet [ERROR: syntax error at or near \"seq_tagdef_id\"\n  Position: 23] [select next value for seq_tagdef_id], could not extract ResultSet [ERROR: syntax error at or near \"seq_tagdef_id\"\n  Position: 23] [select next value for seq_tagdef_id], could not extract ResultSet [ERROR: syntax error at or near \"seq_tagdef_id\"\n  Position: 23] [select next value for seq_tagdef_id], could not extract ResultSet [ERROR: syntax error at or near \"seq_tagdef_id\"\n  Position: 23] [select next value for seq_tagdef_id], could not extract ResultSet [ERROR: syntax error at or near \"seq_tagdef_id\"\n  Position: 23] [select next value for seq_tagdef_id], could not extract ResultSet [ERROR: syntax error at or near \"seq_tagdef_id\"\n  Position: 23] [select next value for seq_tagdef_id], could not extract ResultSet [ERROR: syntax error at or near \"seq_tagdef_id\"\n  Position: 23] [select next value for seq_tagdef_id], could not extract ResultSet [ERROR: syntax error at or near \"seq_tagdef_id\"\n  Position: 23] [select next value for seq_tagdef_id], could not extract ResultSet [ERROR: syntax error at or near \"seq_tagdef_id\"\n  Position: 23] [select next value for seq_tagdef_id], could not extract ResultSet [ERROR: syntax error at or near \"seq_tagdef_id\"\n  Position: 23] [select next value for seq_tagdef_id]"
  } ]
}
[2025-11-13T13:09:12.655+0000] {carga_pacientes_dag.py:137} ERROR - Falha na linha 9 (Isabela Lima): 500 - {
  "resourceType": "OperationOutcome",
  "issue": [ {
    "severity": "error",
    "code": "processing",
    "diagnostics": "HAPI-2023: Tag get/create failed after 10 attempts with error(s): could not extract ResultSet [ERROR: syntax error at or near \"seq_tagdef_id\"\n  Position: 23] [select next value for seq_tagdef_id], could not extract ResultSet [ERROR: syntax error at or near \"seq_tagdef_id\"\n  Position: 23] [select next value for seq_tagdef_id], could not extract ResultSet [ERROR: syntax error at or near \"seq_tagdef_id\"\n  Position: 23] [select next value for seq_tagdef_id], could not extract ResultSet [ERROR: syntax error at or near \"seq_tagdef_id\"\n  Position: 23] [select next value for seq_tagdef_id], could not extract ResultSet [ERROR: syntax error at or near \"seq_tagdef_id\"\n  Position: 23] [select next value for seq_tagdef_id], could not extract ResultSet [ERROR: syntax error at or near \"seq_tagdef_id\"\n  Position: 23] [select next value for seq_tagdef_id], could not extract ResultSet [ERROR: syntax error at or near \"seq_tagdef_id\"\n  Position: 23] [select next value for seq_tagdef_id], could not extract ResultSet [ERROR: syntax error at or near \"seq_tagdef_id\"\n  Position: 23] [select next value for seq_tagdef_id], could not extract ResultSet [ERROR: syntax error at or near \"seq_tagdef_id\"\n  Position: 23] [select next value for seq_tagdef_id], could not extract ResultSet [ERROR: syntax error at or near \"seq_tagdef_id\"\n  Position: 23] [select next value for seq_tagdef_id]"
  } ]
}
[2025-11-13T13:09:12.682+0000] {carga_pacientes_dag.py:137} ERROR - Falha na linha 10 (Lucas Pereira): 500 - {
  "resourceType": "OperationOutcome",
  "issue": [ {
    "severity": "error",
    "code": "processing",
    "diagnostics": "HAPI-2023: Tag get/create failed after 10 attempts with error(s): could not extract ResultSet [ERROR: syntax error at or near \"seq_tagdef_id\"\n  Position: 23] [select next value for seq_tagdef_id], could not extract ResultSet [ERROR: syntax error at or near \"seq_tagdef_id\"\n  Position: 23] [select next value for seq_tagdef_id], could not extract ResultSet [ERROR: syntax error at or near \"seq_tagdef_id\"\n  Position: 23] [select next value for seq_tagdef_id], could not extract ResultSet [ERROR: syntax error at or near \"seq_tagdef_id\"\n  Position: 23] [select next value for seq_tagdef_id], could not extract ResultSet [ERROR: syntax error at or near \"seq_tagdef_id\"\n  Position: 23] [select next value for seq_tagdef_id], could not extract ResultSet [ERROR: syntax error at or near \"seq_tagdef_id\"\n  Position: 23] [select next value for seq_tagdef_id], could not extract ResultSet [ERROR: syntax error at or near \"seq_tagdef_id\"\n  Position: 23] [select next value for seq_tagdef_id], could not extract ResultSet [ERROR: syntax error at or near \"seq_tagdef_id\"\n  Position: 23] [select next value for seq_tagdef_id], could not extract ResultSet [ERROR: syntax error at or near \"seq_tagdef_id\"\n  Position: 23] [select next value for seq_tagdef_id], could not extract ResultSet [ERROR: syntax error at or near \"seq_tagdef_id\"\n  Position: 23] [select next value for seq_tagdef_id]"
  } ]
}
[2025-11-13T13:09:12.697+0000] {carga_pacientes_dag.py:137} ERROR - Falha na linha 11 (Fernanda Costa): 500 - {
  "resourceType": "OperationOutcome",
  "issue": [ {
    "severity": "error",
    "code": "processing",
    "diagnostics": "HAPI-2023: Tag get/create failed after 10 attempts with error(s): could not extract ResultSet [ERROR: syntax error at or near \"seq_tagdef_id\"\n  Position: 23] [select next value for seq_tagdef_id], could not extract ResultSet [ERROR: syntax error at or near \"seq_tagdef_id\"\n  Position: 23] [select next value for seq_tagdef_id], could not extract ResultSet [ERROR: syntax error at or near \"seq_tagdef_id\"\n  Position: 23] [select next value for seq_tagdef_id], could not extract ResultSet [ERROR: syntax error at or near \"seq_tagdef_id\"\n  Position: 23] [select next value for seq_tagdef_id], could not extract ResultSet [ERROR: syntax error at or near \"seq_tagdef_id\"\n  Position: 23] [select next value for seq_tagdef_id], could not extract ResultSet [ERROR: syntax error at or near \"seq_tagdef_id\"\n  Position: 23] [select next value for seq_tagdef_id], could not extract ResultSet [ERROR: syntax error at or near \"seq_tagdef_id\"\n  Position: 23] [select next value for seq_tagdef_id], could not extract ResultSet [ERROR: syntax error at or near \"seq_tagdef_id\"\n  Position: 23] [select next value for seq_tagdef_id], could not extract ResultSet [ERROR: syntax error at or near \"seq_tagdef_id\"\n  Position: 23] [select next value for seq_tagdef_id], could not extract ResultSet [ERROR: syntax error at or near \"seq_tagdef_id\"\n  Position: 23] [select next value for seq_tagdef_id]"
  } ]
}
[2025-11-13T13:09:12.713+0000] {carga_pacientes_dag.py:137} ERROR - Falha na linha 12 (Guilherme Rocha): 500 - {
  "resourceType": "OperationOutcome",
  "issue": [ {
    "severity": "error",
    "code": "processing",
    "diagnostics": "HAPI-2023: Tag get/create failed after 10 attempts with error(s): could not extract ResultSet [ERROR: syntax error at or near \"seq_tagdef_id\"\n  Position: 23] [select next value for seq_tagdef_id], could not extract ResultSet [ERROR: syntax error at or near \"seq_tagdef_id\"\n  Position: 23] [select next value for seq_tagdef_id], could not extract ResultSet [ERROR: syntax error at or near \"seq_tagdef_id\"\n  Position: 23] [select next value for seq_tagdef_id], could not extract ResultSet [ERROR: syntax error at or near \"seq_tagdef_id\"\n  Position: 23] [select next value for seq_tagdef_id], could not extract ResultSet [ERROR: syntax error at or near \"seq_tagdef_id\"\n  Position: 23] [select next value for seq_tagdef_id], could not extract ResultSet [ERROR: syntax error at or near \"seq_tagdef_id\"\n  Position: 23] [select next value for seq_tagdef_id], could not extract ResultSet [ERROR: syntax error at or near \"seq_tagdef_id\"\n  Position: 23] [select next value for seq_tagdef_id], could not extract ResultSet [ERROR: syntax error at or near \"seq_tagdef_id\"\n  Position: 23] [select next value for seq_tagdef_id], could not extract ResultSet [ERROR: syntax error at or near \"seq_tagdef_id\"\n  Position: 23] [select next value for seq_tagdef_id], could not extract ResultSet [ERROR: syntax error at or near \"seq_tagdef_id\"\n  Position: 23] [select next value for seq_tagdef_id]"
  } ]
}
[2025-11-13T13:09:12.728+0000] {carga_pacientes_dag.py:137} ERROR - Falha na linha 13 (Mariana Santos): 500 - {
  "resourceType": "OperationOutcome",
  "issue": [ {
    "severity": "error",
    "code": "processing",
    "diagnostics": "HAPI-2023: Tag get/create failed after 10 attempts with error(s): could not extract ResultSet [ERROR: syntax error at or near \"seq_tagdef_id\"\n  Position: 23] [select next value for seq_tagdef_id], could not extract ResultSet [ERROR: syntax error at or near \"seq_tagdef_id\"\n  Position: 23] [select next value for seq_tagdef_id], could not extract ResultSet [ERROR: syntax error at or near \"seq_tagdef_id\"\n  Position: 23] [select next value for seq_tagdef_id], could not extract ResultSet [ERROR: syntax error at or near \"seq_tagdef_id\"\n  Position: 23] [select next value for seq_tagdef_id], could not extract ResultSet [ERROR: syntax error at or near \"seq_tagdef_id\"\n  Position: 23] [select next value for seq_tagdef_id], could not extract ResultSet [ERROR: syntax error at or near \"seq_tagdef_id\"\n  Position: 23] [select next value for seq_tagdef_id], could not extract ResultSet [ERROR: syntax error at or near \"seq_tagdef_id\"\n  Position: 23] [select next value for seq_tagdef_id], could not extract ResultSet [ERROR: syntax error at or near \"seq_tagdef_id\"\n  Position: 23] [select next value for seq_tagdef_id], could not extract ResultSet [ERROR: syntax error at or near \"seq_tagdef_id\"\n  Position: 23] [select next value for seq_tagdef_id], could not extract ResultSet [ERROR: syntax error at or near \"seq_tagdef_id\"\n  Position: 23] [select next value for seq_tagdef_id]"
  } ]
}
[2025-11-13T13:09:12.743+0000] {carga_pacientes_dag.py:137} ERROR - Falha na linha 14 (Bruno Oliveira): 500 - {
  "resourceType": "OperationOutcome",
  "issue": [ {
    "severity": "error",
    "code": "processing",
    "diagnostics": "HAPI-2023: Tag get/create failed after 10 attempts with error(s): could not extract ResultSet [ERROR: syntax error at or near \"seq_tagdef_id\"\n  Position: 23] [select next value for seq_tagdef_id], could not extract ResultSet [ERROR: syntax error at or near \"seq_tagdef_id\"\n  Position: 23] [select next value for seq_tagdef_id], could not extract ResultSet [ERROR: syntax error at or near \"seq_tagdef_id\"\n  Position: 23] [select next value for seq_tagdef_id], could not extract ResultSet [ERROR: syntax error at or near \"seq_tagdef_id\"\n  Position: 23] [select next value for seq_tagdef_id], could not extract ResultSet [ERROR: syntax error at or near \"seq_tagdef_id\"\n  Position: 23] [select next value for seq_tagdef_id], could not extract ResultSet [ERROR: syntax error at or near \"seq_tagdef_id\"\n  Position: 23] [select next value for seq_tagdef_id], could not extract ResultSet [ERROR: syntax error at or near \"seq_tagdef_id\"\n  Position: 23] [select next value for seq_tagdef_id], could not extract ResultSet [ERROR: syntax error at or near \"seq_tagdef_id\"\n  Position: 23] [select next value for seq_tagdef_id], could not extract ResultSet [ERROR: syntax error at or near \"seq_tagdef_id\"\n  Position: 23] [select next value for seq_tagdef_id], could not extract ResultSet [ERROR: syntax error at or near \"seq_tagdef_id\"\n  Position: 23] [select next value for seq_tagdef_id]"
  } ]
}
[2025-11-13T13:09:12.757+0000] {carga_pacientes_dag.py:137} ERROR - Falha na linha 15 (Juliana Almeida): 500 - {
  "resourceType": "OperationOutcome",
  "issue": [ {
    "severity": "error",
    "code": "processing",
    "diagnostics": "HAPI-2023: Tag get/create failed after 10 attempts with error(s): could not extract ResultSet [ERROR: syntax error at or near \"seq_tagdef_id\"\n  Position: 23] [select next value for seq_tagdef_id], could not extract ResultSet [ERROR: syntax error at or near \"seq_tagdef_id\"\n  Position: 23] [select next value for seq_tagdef_id], could not extract ResultSet [ERROR: syntax error at or near \"seq_tagdef_id\"\n  Position: 23] [select next value for seq_tagdef_id], could not extract ResultSet [ERROR: syntax error at or near \"seq_tagdef_id\"\n  Position: 23] [select next value for seq_tagdef_id], could not extract ResultSet [ERROR: syntax error at or near \"seq_tagdef_id\"\n  Position: 23] [select next value for seq_tagdef_id], could not extract ResultSet [ERROR: syntax error at or near \"seq_tagdef_id\"\n  Position: 23] [select next value for seq_tagdef_id], could not extract ResultSet [ERROR: syntax error at or near \"seq_tagdef_id\"\n  Position: 23] [select next value for seq_tagdef_id], could not extract ResultSet [ERROR: syntax error at or near \"seq_tagdef_id\"\n  Position: 23] [select next value for seq_tagdef_id], could not extract ResultSet [ERROR: syntax error at or near \"seq_tagdef_id\"\n  Position: 23] [select next value for seq_tagdef_id], could not extract ResultSet [ERROR: syntax error at or near \"seq_tagdef_id\"\n  Position: 23] [select next value for seq_tagdef_id]"
  } ]
}
[2025-11-13T13:09:12.771+0000] {carga_pacientes_dag.py:137} ERROR - Falha na linha 16 (Ricardo Ferreira): 500 - {
  "resourceType": "OperationOutcome",
  "issue": [ {
    "severity": "error",
    "code": "processing",
    "diagnostics": "HAPI-2023: Tag get/create failed after 10 attempts with error(s): could not extract ResultSet [ERROR: syntax error at or near \"seq_tagdef_id\"\n  Position: 23] [select next value for seq_tagdef_id], could not extract ResultSet [ERROR: syntax error at or near \"seq_tagdef_id\"\n  Position: 23] [select next value for seq_tagdef_id], could not extract ResultSet [ERROR: syntax error at or near \"seq_tagdef_id\"\n  Position: 23] [select next value for seq_tagdef_id], could not extract ResultSet [ERROR: syntax error at or near \"seq_tagdef_id\"\n  Position: 23] [select next value for seq_tagdef_id], could not extract ResultSet [ERROR: syntax error at or near \"seq_tagdef_id\"\n  Position: 23] [select next value for seq_tagdef_id], could not extract ResultSet [ERROR: syntax error at or near \"seq_tagdef_id\"\n  Position: 23] [select next value for seq_tagdef_id], could not extract ResultSet [ERROR: syntax error at or near \"seq_tagdef_id\"\n  Position: 23] [select next value for seq_tagdef_id], could not extract ResultSet [ERROR: syntax error at or near \"seq_tagdef_id\"\n  Position: 23] [select next value for seq_tagdef_id], could not extract ResultSet [ERROR: syntax error at or near \"seq_tagdef_id\"\n  Position: 23] [select next value for seq_tagdef_id], could not extract ResultSet [ERROR: syntax error at or near \"seq_tagdef_id\"\n  Position: 23] [select next value for seq_tagdef_id]"
  } ]
}
[2025-11-13T13:09:12.787+0000] {carga_pacientes_dag.py:137} ERROR - Falha na linha 17 (Carolina Gomes): 500 - {
  "resourceType": "OperationOutcome",
  "issue": [ {
    "severity": "error",
    "code": "processing",
    "diagnostics": "HAPI-2023: Tag get/create failed after 10 attempts with error(s): could not extract ResultSet [ERROR: syntax error at or near \"seq_tagdef_id\"\n  Position: 23] [select next value for seq_tagdef_id], could not extract ResultSet [ERROR: syntax error at or near \"seq_tagdef_id\"\n  Position: 23] [select next value for seq_tagdef_id], could not extract ResultSet [ERROR: syntax error at or near \"seq_tagdef_id\"\n  Position: 23] [select next value for seq_tagdef_id], could not extract ResultSet [ERROR: syntax error at or near \"seq_tagdef_id\"\n  Position: 23] [select next value for seq_tagdef_id], could not extract ResultSet [ERROR: syntax error at or near \"seq_tagdef_id\"\n  Position: 23] [select next value for seq_tagdef_id], could not extract ResultSet [ERROR: syntax error at or near \"seq_tagdef_id\"\n  Position: 23] [select next value for seq_tagdef_id], could not extract ResultSet [ERROR: syntax error at or near \"seq_tagdef_id\"\n  Position: 23] [select next value for seq_tagdef_id], could not extract ResultSet [ERROR: syntax error at or near \"seq_tagdef_id\"\n  Position: 23] [select next value for seq_tagdef_id], could not extract ResultSet [ERROR: syntax error at or near \"seq_tagdef_id\"\n  Position: 23] [select next value for seq_tagdef_id], could not extract ResultSet [ERROR: syntax error at or near \"seq_tagdef_id\"\n  Position: 23] [select next value for seq_tagdef_id]"
  } ]
}
[2025-11-13T13:09:12.800+0000] {carga_pacientes_dag.py:137} ERROR - Falha na linha 18 (Gabriel Martins): 500 - {
  "resourceType": "OperationOutcome",
  "issue": [ {
    "severity": "error",
    "code": "processing",
    "diagnostics": "HAPI-2023: Tag get/create failed after 10 attempts with error(s): could not extract ResultSet [ERROR: syntax error at or near \"seq_tagdef_id\"\n  Position: 23] [select next value for seq_tagdef_id], could not extract ResultSet [ERROR: syntax error at or near \"seq_tagdef_id\"\n  Position: 23] [select next value for seq_tagdef_id], could not extract ResultSet [ERROR: syntax error at or near \"seq_tagdef_id\"\n  Position: 23] [select next value for seq_tagdef_id], could not extract ResultSet [ERROR: syntax error at or near \"seq_tagdef_id\"\n  Position: 23] [select next value for seq_tagdef_id], could not extract ResultSet [ERROR: syntax error at or near \"seq_tagdef_id\"\n  Position: 23] [select next value for seq_tagdef_id], could not extract ResultSet [ERROR: syntax error at or near \"seq_tagdef_id\"\n  Position: 23] [select next value for seq_tagdef_id], could not extract ResultSet [ERROR: syntax error at or near \"seq_tagdef_id\"\n  Position: 23] [select next value for seq_tagdef_id], could not extract ResultSet [ERROR: syntax error at or near \"seq_tagdef_id\"\n  Position: 23] [select next value for seq_tagdef_id], could not extract ResultSet [ERROR: syntax error at or near \"seq_tagdef_id\"\n  Position: 23] [select next value for seq_tagdef_id], could not extract ResultSet [ERROR: syntax error at or near \"seq_tagdef_id\"\n  Position: 23] [select next value for seq_tagdef_id]"
  } ]
}
[2025-11-13T13:09:12.817+0000] {carga_pacientes_dag.py:137} ERROR - Falha na linha 19 (Vanessa Lima): 500 - {
  "resourceType": "OperationOutcome",
  "issue": [ {
    "severity": "error",
    "code": "processing",
    "diagnostics": "HAPI-2023: Tag get/create failed after 10 attempts with error(s): could not extract ResultSet [ERROR: syntax error at or near \"seq_tagdef_id\"\n  Position: 23] [select next value for seq_tagdef_id], could not extract ResultSet [ERROR: syntax error at or near \"seq_tagdef_id\"\n  Position: 23] [select next value for seq_tagdef_id], could not extract ResultSet [ERROR: syntax error at or near \"seq_tagdef_id\"\n  Position: 23] [select next value for seq_tagdef_id], could not extract ResultSet [ERROR: syntax error at or near \"seq_tagdef_id\"\n  Position: 23] [select next value for seq_tagdef_id], could not extract ResultSet [ERROR: syntax error at or near \"seq_tagdef_id\"\n  Position: 23] [select next value for seq_tagdef_id], could not extract ResultSet [ERROR: syntax error at or near \"seq_tagdef_id\"\n  Position: 23] [select next value for seq_tagdef_id], could not extract ResultSet [ERROR: syntax error at or near \"seq_tagdef_id\"\n  Position: 23] [select next value for seq_tagdef_id], could not extract ResultSet [ERROR: syntax error at or near \"seq_tagdef_id\"\n  Position: 23] [select next value for seq_tagdef_id], could not extract ResultSet [ERROR: syntax error at or near \"seq_tagdef_id\"\n  Position: 23] [select next value for seq_tagdef_id], could not extract ResultSet [ERROR: syntax error at or near \"seq_tagdef_id\"\n  Position: 23] [select next value for seq_tagdef_id]"
  } ]
}
[2025-11-13T13:09:12.829+0000] {carga_pacientes_dag.py:137} ERROR - Falha na linha 20 (André Pereira): 500 - {
  "resourceType": "OperationOutcome",
  "issue": [ {
    "severity": "error",
    "code": "processing",
    "diagnostics": "HAPI-2023: Tag get/create failed after 10 attempts with error(s): could not extract ResultSet [ERROR: syntax error at or near \"seq_tagdef_id\"\n  Position: 23] [select next value for seq_tagdef_id], could not extract ResultSet [ERROR: syntax error at or near \"seq_tagdef_id\"\n  Position: 23] [select next value for seq_tagdef_id], could not extract ResultSet [ERROR: syntax error at or near \"seq_tagdef_id\"\n  Position: 23] [select next value for seq_tagdef_id], could not extract ResultSet [ERROR: syntax error at or near \"seq_tagdef_id\"\n  Position: 23] [select next value for seq_tagdef_id], could not extract ResultSet [ERROR: syntax error at or near \"seq_tagdef_id\"\n  Position: 23] [select next value for seq_tagdef_id], could not extract ResultSet [ERROR: syntax error at or near \"seq_tagdef_id\"\n  Position: 23] [select next value for seq_tagdef_id], could not extract ResultSet [ERROR: syntax error at or near \"seq_tagdef_id\"\n  Position: 23] [select next value for seq_tagdef_id], could not extract ResultSet [ERROR: syntax error at or near \"seq_tagdef_id\"\n  Position: 23] [select next value for seq_tagdef_id], could not extract ResultSet [ERROR: syntax error at or near \"seq_tagdef_id\"\n  Position: 23] [select next value for seq_tagdef_id], could not extract ResultSet [ERROR: syntax error at or near \"seq_tagdef_id\"\n  Position: 23] [select next value for seq_tagdef_id]"
  } ]
}
[2025-11-13T13:09:12.842+0000] {carga_pacientes_dag.py:137} ERROR - Falha na linha 21 (Luiza Costa): 500 - {
  "resourceType": "OperationOutcome",
  "issue": [ {
    "severity": "error",
    "code": "processing",
    "diagnostics": "HAPI-2023: Tag get/create failed after 10 attempts with error(s): could not extract ResultSet [ERROR: syntax error at or near \"seq_tagdef_id\"\n  Position: 23] [select next value for seq_tagdef_id], could not extract ResultSet [ERROR: syntax error at or near \"seq_tagdef_id\"\n  Position: 23] [select next value for seq_tagdef_id], could not extract ResultSet [ERROR: syntax error at or near \"seq_tagdef_id\"\n  Position: 23] [select next value for seq_tagdef_id], could not extract ResultSet [ERROR: syntax error at or near \"seq_tagdef_id\"\n  Position: 23] [select next value for seq_tagdef_id], could not extract ResultSet [ERROR: syntax error at or near \"seq_tagdef_id\"\n  Position: 23] [select next value for seq_tagdef_id], could not extract ResultSet [ERROR: syntax error at or near \"seq_tagdef_id\"\n  Position: 23] [select next value for seq_tagdef_id], could not extract ResultSet [ERROR: syntax error at or near \"seq_tagdef_id\"\n  Position: 23] [select next value for seq_tagdef_id], could not extract ResultSet [ERROR: syntax error at or near \"seq_tagdef_id\"\n  Position: 23] [select next value for seq_tagdef_id], could not extract ResultSet [ERROR: syntax error at or near \"seq_tagdef_id\"\n  Position: 23] [select next value for seq_tagdef_id], could not extract ResultSet [ERROR: syntax error at or near \"seq_tagdef_id\"\n  Position: 23] [select next value for seq_tagdef_id]"
  } ]
}
[2025-11-13T13:09:12.853+0000] {carga_pacientes_dag.py:137} ERROR - Falha na linha 22 (Diego Santos): 500 - {
  "resourceType": "OperationOutcome",
  "issue": [ {
    "severity": "error",
    "code": "processing",
    "diagnostics": "HAPI-2023: Tag get/create failed after 10 attempts with error(s): could not extract ResultSet [ERROR: syntax error at or near \"seq_tagdef_id\"\n  Position: 23] [select next value for seq_tagdef_id], could not extract ResultSet [ERROR: syntax error at or near \"seq_tagdef_id\"\n  Position: 23] [select next value for seq_tagdef_id], could not extract ResultSet [ERROR: syntax error at or near \"seq_tagdef_id\"\n  Position: 23] [select next value for seq_tagdef_id], could not extract ResultSet [ERROR: syntax error at or near \"seq_tagdef_id\"\n  Position: 23] [select next value for seq_tagdef_id], could not extract ResultSet [ERROR: syntax error at or near \"seq_tagdef_id\"\n  Position: 23] [select next value for seq_tagdef_id], could not extract ResultSet [ERROR: syntax error at or near \"seq_tagdef_id\"\n  Position: 23] [select next value for seq_tagdef_id], could not extract ResultSet [ERROR: syntax error at or near \"seq_tagdef_id\"\n  Position: 23] [select next value for seq_tagdef_id], could not extract ResultSet [ERROR: syntax error at or near \"seq_tagdef_id\"\n  Position: 23] [select next value for seq_tagdef_id], could not extract ResultSet [ERROR: syntax error at or near \"seq_tagdef_id\"\n  Position: 23] [select next value for seq_tagdef_id], could not extract ResultSet [ERROR: syntax error at or near \"seq_tagdef_id\"\n  Position: 23] [select next value for seq_tagdef_id]"
  } ]
}
[2025-11-13T13:09:12.867+0000] {carga_pacientes_dag.py:137} ERROR - Falha na linha 23 (Ana Clara Almeida): 500 - {
  "resourceType": "OperationOutcome",
  "issue": [ {
    "severity": "error",
    "code": "processing",
    "diagnostics": "HAPI-2023: Tag get/create failed after 10 attempts with error(s): could not extract ResultSet [ERROR: syntax error at or near \"seq_tagdef_id\"\n  Position: 23] [select next value for seq_tagdef_id], could not extract ResultSet [ERROR: syntax error at or near \"seq_tagdef_id\"\n  Position: 23] [select next value for seq_tagdef_id], could not extract ResultSet [ERROR: syntax error at or near \"seq_tagdef_id\"\n  Position: 23] [select next value for seq_tagdef_id], could not extract ResultSet [ERROR: syntax error at or near \"seq_tagdef_id\"\n  Position: 23] [select next value for seq_tagdef_id], could not extract ResultSet [ERROR: syntax error at or near \"seq_tagdef_id\"\n  Position: 23] [select next value for seq_tagdef_id], could not extract ResultSet [ERROR: syntax error at or near \"seq_tagdef_id\"\n  Position: 23] [select next value for seq_tagdef_id], could not extract ResultSet [ERROR: syntax error at or near \"seq_tagdef_id\"\n  Position: 23] [select next value for seq_tagdef_id], could not extract ResultSet [ERROR: syntax error at or near \"seq_tagdef_id\"\n  Position: 23] [select next value for seq_tagdef_id], could not extract ResultSet [ERROR: syntax error at or near \"seq_tagdef_id\"\n  Position: 23] [select next value for seq_tagdef_id], could not extract ResultSet [ERROR: syntax error at or near \"seq_tagdef_id\"\n  Position: 23] [select next value for seq_tagdef_id]"
  } ]
}
[2025-11-13T13:09:12.882+0000] {carga_pacientes_dag.py:137} ERROR - Falha na linha 24 (Marcos Ferreira): 500 - {
  "resourceType": "OperationOutcome",
  "issue": [ {
    "severity": "error",
    "code": "processing",
    "diagnostics": "HAPI-2023: Tag get/create failed after 10 attempts with error(s): could not extract ResultSet [ERROR: syntax error at or near \"seq_tagdef_id\"\n  Position: 23] [select next value for seq_tagdef_id], could not extract ResultSet [ERROR: syntax error at or near \"seq_tagdef_id\"\n  Position: 23] [select next value for seq_tagdef_id], could not extract ResultSet [ERROR: syntax error at or near \"seq_tagdef_id\"\n  Position: 23] [select next value for seq_tagdef_id], could not extract ResultSet [ERROR: syntax error at or near \"seq_tagdef_id\"\n  Position: 23] [select next value for seq_tagdef_id], could not extract ResultSet [ERROR: syntax error at or near \"seq_tagdef_id\"\n  Position: 23] [select next value for seq_tagdef_id], could not extract ResultSet [ERROR: syntax error at or near \"seq_tagdef_id\"\n  Position: 23] [select next value for seq_tagdef_id], could not extract ResultSet [ERROR: syntax error at or near \"seq_tagdef_id\"\n  Position: 23] [select next value for seq_tagdef_id], could not extract ResultSet [ERROR: syntax error at or near \"seq_tagdef_id\"\n  Position: 23] [select next value for seq_tagdef_id], could not extract ResultSet [ERROR: syntax error at or near \"seq_tagdef_id\"\n  Position: 23] [select next value for seq_tagdef_id], could not extract ResultSet [ERROR: syntax error at or near \"seq_tagdef_id\"\n  Position: 23] [select next value for seq_tagdef_id]"
  } ]
}
[2025-11-13T13:09:12.896+0000] {carga_pacientes_dag.py:137} ERROR - Falha na linha 25 (Larissa Gomes): 500 - {
  "resourceType": "OperationOutcome",
  "issue": [ {
    "severity": "error",
    "code": "processing",
    "diagnostics": "HAPI-2023: Tag get/create failed after 10 attempts with error(s): could not extract ResultSet [ERROR: syntax error at or near \"seq_tagdef_id\"\n  Position: 23] [select next value for seq_tagdef_id], could not extract ResultSet [ERROR: syntax error at or near \"seq_tagdef_id\"\n  Position: 23] [select next value for seq_tagdef_id], could not extract ResultSet [ERROR: syntax error at or near \"seq_tagdef_id\"\n  Position: 23] [select next value for seq_tagdef_id], could not extract ResultSet [ERROR: syntax error at or near \"seq_tagdef_id\"\n  Position: 23] [select next value for seq_tagdef_id], could not extract ResultSet [ERROR: syntax error at or near \"seq_tagdef_id\"\n  Position: 23] [select next value for seq_tagdef_id], could not extract ResultSet [ERROR: syntax error at or near \"seq_tagdef_id\"\n  Position: 23] [select next value for seq_tagdef_id], could not extract ResultSet [ERROR: syntax error at or near \"seq_tagdef_id\"\n  Position: 23] [select next value for seq_tagdef_id], could not extract ResultSet [ERROR: syntax error at or near \"seq_tagdef_id\"\n  Position: 23] [select next value for seq_tagdef_id], could not extract ResultSet [ERROR: syntax error at or near \"seq_tagdef_id\"\n  Position: 23] [select next value for seq_tagdef_id], could not extract ResultSet [ERROR: syntax error at or near \"seq_tagdef_id\"\n  Position: 23] [select next value for seq_tagdef_id]"
  } ]
}
[2025-11-13T13:09:12.911+0000] {carga_pacientes_dag.py:137} ERROR - Falha na linha 26 (Vinicius Martins): 500 - {
  "resourceType": "OperationOutcome",
  "issue": [ {
    "severity": "error",
    "code": "processing",
    "diagnostics": "HAPI-2023: Tag get/create failed after 10 attempts with error(s): could not extract ResultSet [ERROR: syntax error at or near \"seq_tagdef_id\"\n  Position: 23] [select next value for seq_tagdef_id], could not extract ResultSet [ERROR: syntax error at or near \"seq_tagdef_id\"\n  Position: 23] [select next value for seq_tagdef_id], could not extract ResultSet [ERROR: syntax error at or near \"seq_tagdef_id\"\n  Position: 23] [select next value for seq_tagdef_id], could not extract ResultSet [ERROR: syntax error at or near \"seq_tagdef_id\"\n  Position: 23] [select next value for seq_tagdef_id], could not extract ResultSet [ERROR: syntax error at or near \"seq_tagdef_id\"\n  Position: 23] [select next value for seq_tagdef_id], could not extract ResultSet [ERROR: syntax error at or near \"seq_tagdef_id\"\n  Position: 23] [select next value for seq_tagdef_id], could not extract ResultSet [ERROR: syntax error at or near \"seq_tagdef_id\"\n  Position: 23] [select next value for seq_tagdef_id], could not extract ResultSet [ERROR: syntax error at or near \"seq_tagdef_id\"\n  Position: 23] [select next value for seq_tagdef_id], could not extract ResultSet [ERROR: syntax error at or near \"seq_tagdef_id\"\n  Position: 23] [select next value for seq_tagdef_id], could not extract ResultSet [ERROR: syntax error at or near \"seq_tagdef_id\"\n  Position: 23] [select next value for seq_tagdef_id]"
  } ]
}
[2025-11-13T13:09:12.927+0000] {carga_pacientes_dag.py:137} ERROR - Falha na linha 27 (Amanda Lima): 500 - {
  "resourceType": "OperationOutcome",
  "issue": [ {
    "severity": "error",
    "code": "processing",
    "diagnostics": "HAPI-2023: Tag get/create failed after 10 attempts with error(s): could not extract ResultSet [ERROR: syntax error at or near \"seq_tagdef_id\"\n  Position: 23] [select next value for seq_tagdef_id], could not extract ResultSet [ERROR: syntax error at or near \"seq_tagdef_id\"\n  Position: 23] [select next value for seq_tagdef_id], could not extract ResultSet [ERROR: syntax error at or near \"seq_tagdef_id\"\n  Position: 23] [select next value for seq_tagdef_id], could not extract ResultSet [ERROR: syntax error at or near \"seq_tagdef_id\"\n  Position: 23] [select next value for seq_tagdef_id], could not extract ResultSet [ERROR: syntax error at or near \"seq_tagdef_id\"\n  Position: 23] [select next value for seq_tagdef_id], could not extract ResultSet [ERROR: syntax error at or near \"seq_tagdef_id\"\n  Position: 23] [select next value for seq_tagdef_id], could not extract ResultSet [ERROR: syntax error at or near \"seq_tagdef_id\"\n  Position: 23] [select next value for seq_tagdef_id], could not extract ResultSet [ERROR: syntax error at or near \"seq_tagdef_id\"\n  Position: 23] [select next value for seq_tagdef_id], could not extract ResultSet [ERROR: syntax error at or near \"seq_tagdef_id\"\n  Position: 23] [select next value for seq_tagdef_id], could not extract ResultSet [ERROR: syntax error at or near \"seq_tagdef_id\"\n  Position: 23] [select next value for seq_tagdef_id]"
  } ]
}
[2025-11-13T13:09:12.940+0000] {carga_pacientes_dag.py:137} ERROR - Falha na linha 28 (Rafaela Pereira): 500 - {
  "resourceType": "OperationOutcome",
  "issue": [ {
    "severity": "error",
    "code": "processing",
    "diagnostics": "HAPI-2023: Tag get/create failed after 10 attempts with error(s): could not extract ResultSet [ERROR: syntax error at or near \"seq_tagdef_id\"\n  Position: 23] [select next value for seq_tagdef_id], could not extract ResultSet [ERROR: syntax error at or near \"seq_tagdef_id\"\n  Position: 23] [select next value for seq_tagdef_id], could not extract ResultSet [ERROR: syntax error at or near \"seq_tagdef_id\"\n  Position: 23] [select next value for seq_tagdef_id], could not extract ResultSet [ERROR: syntax error at or near \"seq_tagdef_id\"\n  Position: 23] [select next value for seq_tagdef_id], could not extract ResultSet [ERROR: syntax error at or near \"seq_tagdef_id\"\n  Position: 23] [select next value for seq_tagdef_id], could not extract ResultSet [ERROR: syntax error at or near \"seq_tagdef_id\"\n  Position: 23] [select next value for seq_tagdef_id], could not extract ResultSet [ERROR: syntax error at or near \"seq_tagdef_id\"\n  Position: 23] [select next value for seq_tagdef_id], could not extract ResultSet [ERROR: syntax error at or near \"seq_tagdef_id\"\n  Position: 23] [select next value for seq_tagdef_id], could not extract ResultSet [ERROR: syntax error at or near \"seq_tagdef_id\"\n  Position: 23] [select next value for seq_tagdef_id], could not extract ResultSet [ERROR: syntax error at or near \"seq_tagdef_id\"\n  Position: 23] [select next value for seq_tagdef_id]"
  } ]
}
[2025-11-13T13:09:12.955+0000] {carga_pacientes_dag.py:137} ERROR - Falha na linha 29 (Gustavo Oliveira): 500 - {
  "resourceType": "OperationOutcome",
  "issue": [ {
    "severity": "error",
    "code": "processing",
    "diagnostics": "HAPI-2023: Tag get/create failed after 10 attempts with error(s): could not extract ResultSet [ERROR: syntax error at or near \"seq_tagdef_id\"\n  Position: 23] [select next value for seq_tagdef_id], could not extract ResultSet [ERROR: syntax error at or near \"seq_tagdef_id\"\n  Position: 23] [select next value for seq_tagdef_id], could not extract ResultSet [ERROR: syntax error at or near \"seq_tagdef_id\"\n  Position: 23] [select next value for seq_tagdef_id], could not extract ResultSet [ERROR: syntax error at or near \"seq_tagdef_id\"\n  Position: 23] [select next value for seq_tagdef_id], could not extract ResultSet [ERROR: syntax error at or near \"seq_tagdef_id\"\n  Position: 23] [select next value for seq_tagdef_id], could not extract ResultSet [ERROR: syntax error at or near \"seq_tagdef_id\"\n  Position: 23] [select next value for seq_tagdef_id], could not extract ResultSet [ERROR: syntax error at or near \"seq_tagdef_id\"\n  Position: 23] [select next value for seq_tagdef_id], could not extract ResultSet [ERROR: syntax error at or near \"seq_tagdef_id\"\n  Position: 23] [select next value for seq_tagdef_id], could not extract ResultSet [ERROR: syntax error at or near \"seq_tagdef_id\"\n  Position: 23] [select next value for seq_tagdef_id], could not extract ResultSet [ERROR: syntax error at or near \"seq_tagdef_id\"\n  Position: 23] [select next value for seq_tagdef_id]"
  } ]
}
[2025-11-13T13:09:12.969+0000] {carga_pacientes_dag.py:137} ERROR - Falha na linha 30 (Sofia Costa): 500 - {
  "resourceType": "OperationOutcome",
  "issue": [ {
    "severity": "error",
    "code": "processing",
    "diagnostics": "HAPI-2023: Tag get/create failed after 10 attempts with error(s): could not extract ResultSet [ERROR: syntax error at or near \"seq_tagdef_id\"\n  Position: 23] [select next value for seq_tagdef_id], could not extract ResultSet [ERROR: syntax error at or near \"seq_tagdef_id\"\n  Position: 23] [select next value for seq_tagdef_id], could not extract ResultSet [ERROR: syntax error at or near \"seq_tagdef_id\"\n  Position: 23] [select next value for seq_tagdef_id], could not extract ResultSet [ERROR: syntax error at or near \"seq_tagdef_id\"\n  Position: 23] [select next value for seq_tagdef_id], could not extract ResultSet [ERROR: syntax error at or near \"seq_tagdef_id\"\n  Position: 23] [select next value for seq_tagdef_id], could not extract ResultSet [ERROR: syntax error at or near \"seq_tagdef_id\"\n  Position: 23] [select next value for seq_tagdef_id], could not extract ResultSet [ERROR: syntax error at or near \"seq_tagdef_id\"\n  Position: 23] [select next value for seq_tagdef_id], could not extract ResultSet [ERROR: syntax error at or near \"seq_tagdef_id\"\n  Position: 23] [select next value for seq_tagdef_id], could not extract ResultSet [ERROR: syntax error at or near \"seq_tagdef_id\"\n  Position: 23] [select next value for seq_tagdef_id], could not extract ResultSet [ERROR: syntax error at or near \"seq_tagdef_id\"\n  Position: 23] [select next value for seq_tagdef_id]"
  } ]
}
[2025-11-13T13:09:12.982+0000] {carga_pacientes_dag.py:137} ERROR - Falha na linha 31 (Leonardo Santos): 500 - {
  "resourceType": "OperationOutcome",
  "issue": [ {
    "severity": "error",
    "code": "processing",
    "diagnostics": "HAPI-2023: Tag get/create failed after 10 attempts with error(s): could not extract ResultSet [ERROR: syntax error at or near \"seq_tagdef_id\"\n  Position: 23] [select next value for seq_tagdef_id], could not extract ResultSet [ERROR: syntax error at or near \"seq_tagdef_id\"\n  Position: 23] [select next value for seq_tagdef_id], could not extract ResultSet [ERROR: syntax error at or near \"seq_tagdef_id\"\n  Position: 23] [select next value for seq_tagdef_id], could not extract ResultSet [ERROR: syntax error at or near \"seq_tagdef_id\"\n  Position: 23] [select next value for seq_tagdef_id], could not extract ResultSet [ERROR: syntax error at or near \"seq_tagdef_id\"\n  Position: 23] [select next value for seq_tagdef_id], could not extract ResultSet [ERROR: syntax error at or near \"seq_tagdef_id\"\n  Position: 23] [select next value for seq_tagdef_id], could not extract ResultSet [ERROR: syntax error at or near \"seq_tagdef_id\"\n  Position: 23] [select next value for seq_tagdef_id], could not extract ResultSet [ERROR: syntax error at or near \"seq_tagdef_id\"\n  Position: 23] [select next value for seq_tagdef_id], could not extract ResultSet [ERROR: syntax error at or near \"seq_tagdef_id\"\n  Position: 23] [select next value for seq_tagdef_id], could not extract ResultSet [ERROR: syntax error at or near \"seq_tagdef_id\"\n  Position: 23] [select next value for seq_tagdef_id]"
  } ]
}
[2025-11-13T13:09:12.997+0000] {carga_pacientes_dag.py:137} ERROR - Falha na linha 32 (Beatriz Almeida): 500 - {
  "resourceType": "OperationOutcome",
  "issue": [ {
    "severity": "error",
    "code": "processing",
    "diagnostics": "HAPI-2023: Tag get/create failed after 10 attempts with error(s): could not extract ResultSet [ERROR: syntax error at or near \"seq_tagdef_id\"\n  Position: 23] [select next value for seq_tagdef_id], could not extract ResultSet [ERROR: syntax error at or near \"seq_tagdef_id\"\n  Position: 23] [select next value for seq_tagdef_id], could not extract ResultSet [ERROR: syntax error at or near \"seq_tagdef_id\"\n  Position: 23] [select next value for seq_tagdef_id], could not extract ResultSet [ERROR: syntax error at or near \"seq_tagdef_id\"\n  Position: 23] [select next value for seq_tagdef_id], could not extract ResultSet [ERROR: syntax error at or near \"seq_tagdef_id\"\n  Position: 23] [select next value for seq_tagdef_id], could not extract ResultSet [ERROR: syntax error at or near \"seq_tagdef_id\"\n  Position: 23] [select next value for seq_tagdef_id], could not extract ResultSet [ERROR: syntax error at or near \"seq_tagdef_id\"\n  Position: 23] [select next value for seq_tagdef_id], could not extract ResultSet [ERROR: syntax error at or near \"seq_tagdef_id\"\n  Position: 23] [select next value for seq_tagdef_id], could not extract ResultSet [ERROR: syntax error at or near \"seq_tagdef_id\"\n  Position: 23] [select next value for seq_tagdef_id], could not extract ResultSet [ERROR: syntax error at or near \"seq_tagdef_id\"\n  Position: 23] [select next value for seq_tagdef_id]"
  } ]
}
[2025-11-13T13:09:13.010+0000] {carga_pacientes_dag.py:137} ERROR - Falha na linha 33 (Matheus Ferreira): 500 - {
  "resourceType": "OperationOutcome",
  "issue": [ {
    "severity": "error",
    "code": "processing",
    "diagnostics": "HAPI-2023: Tag get/create failed after 10 attempts with error(s): could not extract ResultSet [ERROR: syntax error at or near \"seq_tagdef_id\"\n  Position: 23] [select next value for seq_tagdef_id], could not extract ResultSet [ERROR: syntax error at or near \"seq_tagdef_id\"\n  Position: 23] [select next value for seq_tagdef_id], could not extract ResultSet [ERROR: syntax error at or near \"seq_tagdef_id\"\n  Position: 23] [select next value for seq_tagdef_id], could not extract ResultSet [ERROR: syntax error at or near \"seq_tagdef_id\"\n  Position: 23] [select next value for seq_tagdef_id], could not extract ResultSet [ERROR: syntax error at or near \"seq_tagdef_id\"\n  Position: 23] [select next value for seq_tagdef_id], could not extract ResultSet [ERROR: syntax error at or near \"seq_tagdef_id\"\n  Position: 23] [select next value for seq_tagdef_id], could not extract ResultSet [ERROR: syntax error at or near \"seq_tagdef_id\"\n  Position: 23] [select next value for seq_tagdef_id], could not extract ResultSet [ERROR: syntax error at or near \"seq_tagdef_id\"\n  Position: 23] [select next value for seq_tagdef_id], could not extract ResultSet [ERROR: syntax error at or near \"seq_tagdef_id\"\n  Position: 23] [select next value for seq_tagdef_id], could not extract ResultSet [ERROR: syntax error at or near \"seq_tagdef_id\"\n  Position: 23] [select next value for seq_tagdef_id]"
  } ]
}
[2025-11-13T13:09:13.024+0000] {carga_pacientes_dag.py:137} ERROR - Falha na linha 34 (Eduarda Gomes): 500 - {
  "resourceType": "OperationOutcome",
  "issue": [ {
    "severity": "error",
    "code": "processing",
    "diagnostics": "HAPI-2023: Tag get/create failed after 10 attempts with error(s): could not extract ResultSet [ERROR: syntax error at or near \"seq_tagdef_id\"\n  Position: 23] [select next value for seq_tagdef_id], could not extract ResultSet [ERROR: syntax error at or near \"seq_tagdef_id\"\n  Position: 23] [select next value for seq_tagdef_id], could not extract ResultSet [ERROR: syntax error at or near \"seq_tagdef_id\"\n  Position: 23] [select next value for seq_tagdef_id], could not extract ResultSet [ERROR: syntax error at or near \"seq_tagdef_id\"\n  Position: 23] [select next value for seq_tagdef_id], could not extract ResultSet [ERROR: syntax error at or near \"seq_tagdef_id\"\n  Position: 23] [select next value for seq_tagdef_id], could not extract ResultSet [ERROR: syntax error at or near \"seq_tagdef_id\"\n  Position: 23] [select next value for seq_tagdef_id], could not extract ResultSet [ERROR: syntax error at or near \"seq_tagdef_id\"\n  Position: 23] [select next value for seq_tagdef_id], could not extract ResultSet [ERROR: syntax error at or near \"seq_tagdef_id\"\n  Position: 23] [select next value for seq_tagdef_id], could not extract ResultSet [ERROR: syntax error at or near \"seq_tagdef_id\"\n  Position: 23] [select next value for seq_tagdef_id], could not extract ResultSet [ERROR: syntax error at or near \"seq_tagdef_id\"\n  Position: 23] [select next value for seq_tagdef_id]"
  } ]
}
[2025-11-13T13:09:13.038+0000] {carga_pacientes_dag.py:137} ERROR - Falha na linha 35 (Rafael Oliveira): 500 - {
  "resourceType": "OperationOutcome",
  "issue": [ {
    "severity": "error",
    "code": "processing",
    "diagnostics": "HAPI-2023: Tag get/create failed after 10 attempts with error(s): could not extract ResultSet [ERROR: syntax error at or near \"seq_tagdef_id\"\n  Position: 23] [select next value for seq_tagdef_id], could not extract ResultSet [ERROR: syntax error at or near \"seq_tagdef_id\"\n  Position: 23] [select next value for seq_tagdef_id], could not extract ResultSet [ERROR: syntax error at or near \"seq_tagdef_id\"\n  Position: 23] [select next value for seq_tagdef_id], could not extract ResultSet [ERROR: syntax error at or near \"seq_tagdef_id\"\n  Position: 23] [select next value for seq_tagdef_id], could not extract ResultSet [ERROR: syntax error at or near \"seq_tagdef_id\"\n  Position: 23] [select next value for seq_tagdef_id], could not extract ResultSet [ERROR: syntax error at or near \"seq_tagdef_id\"\n  Position: 23] [select next value for seq_tagdef_id], could not extract ResultSet [ERROR: syntax error at or near \"seq_tagdef_id\"\n  Position: 23] [select next value for seq_tagdef_id], could not extract ResultSet [ERROR: syntax error at or near \"seq_tagdef_id\"\n  Position: 23] [select next value for seq_tagdef_id], could not extract ResultSet [ERROR: syntax error at or near \"seq_tagdef_id\"\n  Position: 23] [select next value for seq_tagdef_id], could not extract ResultSet [ERROR: syntax error at or near \"seq_tagdef_id\"\n  Position: 23] [select next value for seq_tagdef_id]"
  } ]
}
[2025-11-13T13:09:13.051+0000] {carga_pacientes_dag.py:137} ERROR - Falha na linha 36 (Carolina Lima): 500 - {
  "resourceType": "OperationOutcome",
  "issue": [ {
    "severity": "error",
    "code": "processing",
    "diagnostics": "HAPI-2023: Tag get/create failed after 10 attempts with error(s): could not extract ResultSet [ERROR: syntax error at or near \"seq_tagdef_id\"\n  Position: 23] [select next value for seq_tagdef_id], could not extract ResultSet [ERROR: syntax error at or near \"seq_tagdef_id\"\n  Position: 23] [select next value for seq_tagdef_id], could not extract ResultSet [ERROR: syntax error at or near \"seq_tagdef_id\"\n  Position: 23] [select next value for seq_tagdef_id], could not extract ResultSet [ERROR: syntax error at or near \"seq_tagdef_id\"\n  Position: 23] [select next value for seq_tagdef_id], could not extract ResultSet [ERROR: syntax error at or near \"seq_tagdef_id\"\n  Position: 23] [select next value for seq_tagdef_id], could not extract ResultSet [ERROR: syntax error at or near \"seq_tagdef_id\"\n  Position: 23] [select next value for seq_tagdef_id], could not extract ResultSet [ERROR: syntax error at or near \"seq_tagdef_id\"\n  Position: 23] [select next value for seq_tagdef_id], could not extract ResultSet [ERROR: syntax error at or near \"seq_tagdef_id\"\n  Position: 23] [select next value for seq_tagdef_id], could not extract ResultSet [ERROR: syntax error at or near \"seq_tagdef_id\"\n  Position: 23] [select next value for seq_tagdef_id], could not extract ResultSet [ERROR: syntax error at or near \"seq_tagdef_id\"\n  Position: 23] [select next value for seq_tagdef_id]"
  } ]
}
[2025-11-13T13:09:13.065+0000] {carga_pacientes_dag.py:137} ERROR - Falha na linha 37 (Gabriel Martins): 500 - {
  "resourceType": "OperationOutcome",
  "issue": [ {
    "severity": "error",
    "code": "processing",
    "diagnostics": "HAPI-2023: Tag get/create failed after 10 attempts with error(s): could not extract ResultSet [ERROR: syntax error at or near \"seq_tagdef_id\"\n  Position: 23] [select next value for seq_tagdef_id], could not extract ResultSet [ERROR: syntax error at or near \"seq_tagdef_id\"\n  Position: 23] [select next value for seq_tagdef_id], could not extract ResultSet [ERROR: syntax error at or near \"seq_tagdef_id\"\n  Position: 23] [select next value for seq_tagdef_id], could not extract ResultSet [ERROR: syntax error at or near \"seq_tagdef_id\"\n  Position: 23] [select next value for seq_tagdef_id], could not extract ResultSet [ERROR: syntax error at or near \"seq_tagdef_id\"\n  Position: 23] [select next value for seq_tagdef_id], could not extract ResultSet [ERROR: syntax error at or near \"seq_tagdef_id\"\n  Position: 23] [select next value for seq_tagdef_id], could not extract ResultSet [ERROR: syntax error at or near \"seq_tagdef_id\"\n  Position: 23] [select next value for seq_tagdef_id], could not extract ResultSet [ERROR: syntax error at or near \"seq_tagdef_id\"\n  Position: 23] [select next value for seq_tagdef_id], could not extract ResultSet [ERROR: syntax error at or near \"seq_tagdef_id\"\n  Position: 23] [select next value for seq_tagdef_id], could not extract ResultSet [ERROR: syntax error at or near \"seq_tagdef_id\"\n  Position: 23] [select next value for seq_tagdef_id]"
  } ]
}
[2025-11-13T13:09:13.076+0000] {carga_pacientes_dag.py:137} ERROR - Falha na linha 38 (Fernanda Costa): 500 - {
  "resourceType": "OperationOutcome",
  "issue": [ {
    "severity": "error",
    "code": "processing",
    "diagnostics": "HAPI-2023: Tag get/create failed after 10 attempts with error(s): could not extract ResultSet [ERROR: syntax error at or near \"seq_tagdef_id\"\n  Position: 23] [select next value for seq_tagdef_id], could not extract ResultSet [ERROR: syntax error at or near \"seq_tagdef_id\"\n  Position: 23] [select next value for seq_tagdef_id], could not extract ResultSet [ERROR: syntax error at or near \"seq_tagdef_id\"\n  Position: 23] [select next value for seq_tagdef_id], could not extract ResultSet [ERROR: syntax error at or near \"seq_tagdef_id\"\n  Position: 23] [select next value for seq_tagdef_id], could not extract ResultSet [ERROR: syntax error at or near \"seq_tagdef_id\"\n  Position: 23] [select next value for seq_tagdef_id], could not extract ResultSet [ERROR: syntax error at or near \"seq_tagdef_id\"\n  Position: 23] [select next value for seq_tagdef_id], could not extract ResultSet [ERROR: syntax error at or near \"seq_tagdef_id\"\n  Position: 23] [select next value for seq_tagdef_id], could not extract ResultSet [ERROR: syntax error at or near \"seq_tagdef_id\"\n  Position: 23] [select next value for seq_tagdef_id], could not extract ResultSet [ERROR: syntax error at or near \"seq_tagdef_id\"\n  Position: 23] [select next value for seq_tagdef_id], could not extract ResultSet [ERROR: syntax error at or near \"seq_tagdef_id\"\n  Position: 23] [select next value for seq_tagdef_id]"
  } ]
}
[2025-11-13T13:09:13.089+0000] {carga_pacientes_dag.py:137} ERROR - Falha na linha 39 (Lucas Santos): 500 - {
  "resourceType": "OperationOutcome",
  "issue": [ {
    "severity": "error",
    "code": "processing",
    "diagnostics": "HAPI-2023: Tag get/create failed after 10 attempts with error(s): could not extract ResultSet [ERROR: syntax error at or near \"seq_tagdef_id\"\n  Position: 23] [select next value for seq_tagdef_id], could not extract ResultSet [ERROR: syntax error at or near \"seq_tagdef_id\"\n  Position: 23] [select next value for seq_tagdef_id], could not extract ResultSet [ERROR: syntax error at or near \"seq_tagdef_id\"\n  Position: 23] [select next value for seq_tagdef_id], could not extract ResultSet [ERROR: syntax error at or near \"seq_tagdef_id\"\n  Position: 23] [select next value for seq_tagdef_id], could not extract ResultSet [ERROR: syntax error at or near \"seq_tagdef_id\"\n  Position: 23] [select next value for seq_tagdef_id], could not extract ResultSet [ERROR: syntax error at or near \"seq_tagdef_id\"\n  Position: 23] [select next value for seq_tagdef_id], could not extract ResultSet [ERROR: syntax error at or near \"seq_tagdef_id\"\n  Position: 23] [select next value for seq_tagdef_id], could not extract ResultSet [ERROR: syntax error at or near \"seq_tagdef_id\"\n  Position: 23] [select next value for seq_tagdef_id], could not extract ResultSet [ERROR: syntax error at or near \"seq_tagdef_id\"\n  Position: 23] [select next value for seq_tagdef_id], could not extract ResultSet [ERROR: syntax error at or near \"seq_tagdef_id\"\n  Position: 23] [select next value for seq_tagdef_id]"
  } ]
}
[2025-11-13T13:09:13.103+0000] {carga_pacientes_dag.py:137} ERROR - Falha na linha 40 (Luana Almeida): 500 - {
  "resourceType": "OperationOutcome",
  "issue": [ {
    "severity": "error",
    "code": "processing",
    "diagnostics": "HAPI-2023: Tag get/create failed after 10 attempts with error(s): could not extract ResultSet [ERROR: syntax error at or near \"seq_tagdef_id\"\n  Position: 23] [select next value for seq_tagdef_id], could not extract ResultSet [ERROR: syntax error at or near \"seq_tagdef_id\"\n  Position: 23] [select next value for seq_tagdef_id], could not extract ResultSet [ERROR: syntax error at or near \"seq_tagdef_id\"\n  Position: 23] [select next value for seq_tagdef_id], could not extract ResultSet [ERROR: syntax error at or near \"seq_tagdef_id\"\n  Position: 23] [select next value for seq_tagdef_id], could not extract ResultSet [ERROR: syntax error at or near \"seq_tagdef_id\"\n  Position: 23] [select next value for seq_tagdef_id], could not extract ResultSet [ERROR: syntax error at or near \"seq_tagdef_id\"\n  Position: 23] [select next value for seq_tagdef_id], could not extract ResultSet [ERROR: syntax error at or near \"seq_tagdef_id\"\n  Position: 23] [select next value for seq_tagdef_id], could not extract ResultSet [ERROR: syntax error at or near \"seq_tagdef_id\"\n  Position: 23] [select next value for seq_tagdef_id], could not extract ResultSet [ERROR: syntax error at or near \"seq_tagdef_id\"\n  Position: 23] [select next value for seq_tagdef_id], could not extract ResultSet [ERROR: syntax error at or near \"seq_tagdef_id\"\n  Position: 23] [select next value for seq_tagdef_id]"
  } ]
}
[2025-11-13T13:09:13.116+0000] {carga_pacientes_dag.py:137} ERROR - Falha na linha 41 (Matheus Ferreira): 500 - {
  "resourceType": "OperationOutcome",
  "issue": [ {
    "severity": "error",
    "code": "processing",
    "diagnostics": "HAPI-2023: Tag get/create failed after 10 attempts with error(s): could not extract ResultSet [ERROR: syntax error at or near \"seq_tagdef_id\"\n  Position: 23] [select next value for seq_tagdef_id], could not extract ResultSet [ERROR: syntax error at or near \"seq_tagdef_id\"\n  Position: 23] [select next value for seq_tagdef_id], could not extract ResultSet [ERROR: syntax error at or near \"seq_tagdef_id\"\n  Position: 23] [select next value for seq_tagdef_id], could not extract ResultSet [ERROR: syntax error at or near \"seq_tagdef_id\"\n  Position: 23] [select next value for seq_tagdef_id], could not extract ResultSet [ERROR: syntax error at or near \"seq_tagdef_id\"\n  Position: 23] [select next value for seq_tagdef_id], could not extract ResultSet [ERROR: syntax error at or near \"seq_tagdef_id\"\n  Position: 23] [select next value for seq_tagdef_id], could not extract ResultSet [ERROR: syntax error at or near \"seq_tagdef_id\"\n  Position: 23] [select next value for seq_tagdef_id], could not extract ResultSet [ERROR: syntax error at or near \"seq_tagdef_id\"\n  Position: 23] [select next value for seq_tagdef_id], could not extract ResultSet [ERROR: syntax error at or near \"seq_tagdef_id\"\n  Position: 23] [select next value for seq_tagdef_id], could not extract ResultSet [ERROR: syntax error at or near \"seq_tagdef_id\"\n  Position: 23] [select next value for seq_tagdef_id]"
  } ]
}
[2025-11-13T13:09:13.130+0000] {carga_pacientes_dag.py:137} ERROR - Falha na linha 42 (Giovanna Gomes): 500 - {
  "resourceType": "OperationOutcome",
  "issue": [ {
    "severity": "error",
    "code": "processing",
    "diagnostics": "HAPI-2023: Tag get/create failed after 10 attempts with error(s): could not extract ResultSet [ERROR: syntax error at or near \"seq_tagdef_id\"\n  Position: 23] [select next value for seq_tagdef_id], could not extract ResultSet [ERROR: syntax error at or near \"seq_tagdef_id\"\n  Position: 23] [select next value for seq_tagdef_id], could not extract ResultSet [ERROR: syntax error at or near \"seq_tagdef_id\"\n  Position: 23] [select next value for seq_tagdef_id], could not extract ResultSet [ERROR: syntax error at or near \"seq_tagdef_id\"\n  Position: 23] [select next value for seq_tagdef_id], could not extract ResultSet [ERROR: syntax error at or near \"seq_tagdef_id\"\n  Position: 23] [select next value for seq_tagdef_id], could not extract ResultSet [ERROR: syntax error at or near \"seq_tagdef_id\"\n  Position: 23] [select next value for seq_tagdef_id], could not extract ResultSet [ERROR: syntax error at or near \"seq_tagdef_id\"\n  Position: 23] [select next value for seq_tagdef_id], could not extract ResultSet [ERROR: syntax error at or near \"seq_tagdef_id\"\n  Position: 23] [select next value for seq_tagdef_id], could not extract ResultSet [ERROR: syntax error at or near \"seq_tagdef_id\"\n  Position: 23] [select next value for seq_tagdef_id], could not extract ResultSet [ERROR: syntax error at or near \"seq_tagdef_id\"\n  Position: 23] [select next value for seq_tagdef_id]"
  } ]
}
[2025-11-13T13:09:13.143+0000] {carga_pacientes_dag.py:137} ERROR - Falha na linha 43 (Vitor Oliveira): 500 - {
  "resourceType": "OperationOutcome",
  "issue": [ {
    "severity": "error",
    "code": "processing",
    "diagnostics": "HAPI-2023: Tag get/create failed after 10 attempts with error(s): could not extract ResultSet [ERROR: syntax error at or near \"seq_tagdef_id\"\n  Position: 23] [select next value for seq_tagdef_id], could not extract ResultSet [ERROR: syntax error at or near \"seq_tagdef_id\"\n  Position: 23] [select next value for seq_tagdef_id], could not extract ResultSet [ERROR: syntax error at or near \"seq_tagdef_id\"\n  Position: 23] [select next value for seq_tagdef_id], could not extract ResultSet [ERROR: syntax error at or near \"seq_tagdef_id\"\n  Position: 23] [select next value for seq_tagdef_id], could not extract ResultSet [ERROR: syntax error at or near \"seq_tagdef_id\"\n  Position: 23] [select next value for seq_tagdef_id], could not extract ResultSet [ERROR: syntax error at or near \"seq_tagdef_id\"\n  Position: 23] [select next value for seq_tagdef_id], could not extract ResultSet [ERROR: syntax error at or near \"seq_tagdef_id\"\n  Position: 23] [select next value for seq_tagdef_id], could not extract ResultSet [ERROR: syntax error at or near \"seq_tagdef_id\"\n  Position: 23] [select next value for seq_tagdef_id], could not extract ResultSet [ERROR: syntax error at or near \"seq_tagdef_id\"\n  Position: 23] [select next value for seq_tagdef_id], could not extract ResultSet [ERROR: syntax error at or near \"seq_tagdef_id\"\n  Position: 23] [select next value for seq_tagdef_id]"
  } ]
}
[2025-11-13T13:09:13.156+0000] {carga_pacientes_dag.py:137} ERROR - Falha na linha 44 (Isabella Lima): 500 - {
  "resourceType": "OperationOutcome",
  "issue": [ {
    "severity": "error",
    "code": "processing",
    "diagnostics": "HAPI-2023: Tag get/create failed after 10 attempts with error(s): could not extract ResultSet [ERROR: syntax error at or near \"seq_tagdef_id\"\n  Position: 23] [select next value for seq_tagdef_id], could not extract ResultSet [ERROR: syntax error at or near \"seq_tagdef_id\"\n  Position: 23] [select next value for seq_tagdef_id], could not extract ResultSet [ERROR: syntax error at or near \"seq_tagdef_id\"\n  Position: 23] [select next value for seq_tagdef_id], could not extract ResultSet [ERROR: syntax error at or near \"seq_tagdef_id\"\n  Position: 23] [select next value for seq_tagdef_id], could not extract ResultSet [ERROR: syntax error at or near \"seq_tagdef_id\"\n  Position: 23] [select next value for seq_tagdef_id], could not extract ResultSet [ERROR: syntax error at or near \"seq_tagdef_id\"\n  Position: 23] [select next value for seq_tagdef_id], could not extract ResultSet [ERROR: syntax error at or near \"seq_tagdef_id\"\n  Position: 23] [select next value for seq_tagdef_id], could not extract ResultSet [ERROR: syntax error at or near \"seq_tagdef_id\"\n  Position: 23] [select next value for seq_tagdef_id], could not extract ResultSet [ERROR: syntax error at or near \"seq_tagdef_id\"\n  Position: 23] [select next value for seq_tagdef_id], could not extract ResultSet [ERROR: syntax error at or near \"seq_tagdef_id\"\n  Position: 23] [select next value for seq_tagdef_id]"
  } ]
}
[2025-11-13T13:09:13.171+0000] {carga_pacientes_dag.py:137} ERROR - Falha na linha 45 (Gustavo Martins): 500 - {
  "resourceType": "OperationOutcome",
  "issue": [ {
    "severity": "error",
    "code": "processing",
    "diagnostics": "HAPI-2023: Tag get/create failed after 10 attempts with error(s): could not extract ResultSet [ERROR: syntax error at or near \"seq_tagdef_id\"\n  Position: 23] [select next value for seq_tagdef_id], could not extract ResultSet [ERROR: syntax error at or near \"seq_tagdef_id\"\n  Position: 23] [select next value for seq_tagdef_id], could not extract ResultSet [ERROR: syntax error at or near \"seq_tagdef_id\"\n  Position: 23] [select next value for seq_tagdef_id], could not extract ResultSet [ERROR: syntax error at or near \"seq_tagdef_id\"\n  Position: 23] [select next value for seq_tagdef_id], could not extract ResultSet [ERROR: syntax error at or near \"seq_tagdef_id\"\n  Position: 23] [select next value for seq_tagdef_id], could not extract ResultSet [ERROR: syntax error at or near \"seq_tagdef_id\"\n  Position: 23] [select next value for seq_tagdef_id], could not extract ResultSet [ERROR: syntax error at or near \"seq_tagdef_id\"\n  Position: 23] [select next value for seq_tagdef_id], could not extract ResultSet [ERROR: syntax error at or near \"seq_tagdef_id\"\n  Position: 23] [select next value for seq_tagdef_id], could not extract ResultSet [ERROR: syntax error at or near \"seq_tagdef_id\"\n  Position: 23] [select next value for seq_tagdef_id], could not extract ResultSet [ERROR: syntax error at or near \"seq_tagdef_id\"\n  Position: 23] [select next value for seq_tagdef_id]"
  } ]
}
[2025-11-13T13:09:13.184+0000] {carga_pacientes_dag.py:137} ERROR - Falha na linha 46 (Mariana Costa): 500 - {
  "resourceType": "OperationOutcome",
  "issue": [ {
    "severity": "error",
    "code": "processing",
    "diagnostics": "HAPI-2023: Tag get/create failed after 10 attempts with error(s): could not extract ResultSet [ERROR: syntax error at or near \"seq_tagdef_id\"\n  Position: 23] [select next value for seq_tagdef_id], could not extract ResultSet [ERROR: syntax error at or near \"seq_tagdef_id\"\n  Position: 23] [select next value for seq_tagdef_id], could not extract ResultSet [ERROR: syntax error at or near \"seq_tagdef_id\"\n  Position: 23] [select next value for seq_tagdef_id], could not extract ResultSet [ERROR: syntax error at or near \"seq_tagdef_id\"\n  Position: 23] [select next value for seq_tagdef_id], could not extract ResultSet [ERROR: syntax error at or near \"seq_tagdef_id\"\n  Position: 23] [select next value for seq_tagdef_id], could not extract ResultSet [ERROR: syntax error at or near \"seq_tagdef_id\"\n  Position: 23] [select next value for seq_tagdef_id], could not extract ResultSet [ERROR: syntax error at or near \"seq_tagdef_id\"\n  Position: 23] [select next value for seq_tagdef_id], could not extract ResultSet [ERROR: syntax error at or near \"seq_tagdef_id\"\n  Position: 23] [select next value for seq_tagdef_id], could not extract ResultSet [ERROR: syntax error at or near \"seq_tagdef_id\"\n  Position: 23] [select next value for seq_tagdef_id], could not extract ResultSet [ERROR: syntax error at or near \"seq_tagdef_id\"\n  Position: 23] [select next value for seq_tagdef_id]"
  } ]
}
[2025-11-13T13:09:13.198+0000] {carga_pacientes_dag.py:137} ERROR - Falha na linha 47 (João Santos): 500 - {
  "resourceType": "OperationOutcome",
  "issue": [ {
    "severity": "error",
    "code": "processing",
    "diagnostics": "HAPI-2023: Tag get/create failed after 10 attempts with error(s): could not extract ResultSet [ERROR: syntax error at or near \"seq_tagdef_id\"\n  Position: 23] [select next value for seq_tagdef_id], could not extract ResultSet [ERROR: syntax error at or near \"seq_tagdef_id\"\n  Position: 23] [select next value for seq_tagdef_id], could not extract ResultSet [ERROR: syntax error at or near \"seq_tagdef_id\"\n  Position: 23] [select next value for seq_tagdef_id], could not extract ResultSet [ERROR: syntax error at or near \"seq_tagdef_id\"\n  Position: 23] [select next value for seq_tagdef_id], could not extract ResultSet [ERROR: syntax error at or near \"seq_tagdef_id\"\n  Position: 23] [select next value for seq_tagdef_id], could not extract ResultSet [ERROR: syntax error at or near \"seq_tagdef_id\"\n  Position: 23] [select next value for seq_tagdef_id], could not extract ResultSet [ERROR: syntax error at or near \"seq_tagdef_id\"\n  Position: 23] [select next value for seq_tagdef_id], could not extract ResultSet [ERROR: syntax error at or near \"seq_tagdef_id\"\n  Position: 23] [select next value for seq_tagdef_id], could not extract ResultSet [ERROR: syntax error at or near \"seq_tagdef_id\"\n  Position: 23] [select next value for seq_tagdef_id], could not extract ResultSet [ERROR: syntax error at or near \"seq_tagdef_id\"\n  Position: 23] [select next value for seq_tagdef_id]"
  } ]
}
[2025-11-13T13:09:13.212+0000] {carga_pacientes_dag.py:137} ERROR - Falha na linha 48 (Camila Almeida): 500 - {
  "resourceType": "OperationOutcome",
  "issue": [ {
    "severity": "error",
    "code": "processing",
    "diagnostics": "HAPI-2023: Tag get/create failed after 10 attempts with error(s): could not extract ResultSet [ERROR: syntax error at or near \"seq_tagdef_id\"\n  Position: 23] [select next value for seq_tagdef_id], could not extract ResultSet [ERROR: syntax error at or near \"seq_tagdef_id\"\n  Position: 23] [select next value for seq_tagdef_id], could not extract ResultSet [ERROR: syntax error at or near \"seq_tagdef_id\"\n  Position: 23] [select next value for seq_tagdef_id], could not extract ResultSet [ERROR: syntax error at or near \"seq_tagdef_id\"\n  Position: 23] [select next value for seq_tagdef_id], could not extract ResultSet [ERROR: syntax error at or near \"seq_tagdef_id\"\n  Position: 23] [select next value for seq_tagdef_id], could not extract ResultSet [ERROR: syntax error at or near \"seq_tagdef_id\"\n  Position: 23] [select next value for seq_tagdef_id], could not extract ResultSet [ERROR: syntax error at or near \"seq_tagdef_id\"\n  Position: 23] [select next value for seq_tagdef_id], could not extract ResultSet [ERROR: syntax error at or near \"seq_tagdef_id\"\n  Position: 23] [select next value for seq_tagdef_id], could not extract ResultSet [ERROR: syntax error at or near \"seq_tagdef_id\"\n  Position: 23] [select next value for seq_tagdef_id], could not extract ResultSet [ERROR: syntax error at or near \"seq_tagdef_id\"\n  Position: 23] [select next value for seq_tagdef_id]"
  } ]
}
[2025-11-13T13:09:13.225+0000] {carga_pacientes_dag.py:137} ERROR - Falha na linha 49 (Pedro Oliveira): 500 - {
  "resourceType": "OperationOutcome",
  "issue": [ {
    "severity": "error",
    "code": "processing",
    "diagnostics": "HAPI-2023: Tag get/create failed after 10 attempts with error(s): could not extract ResultSet [ERROR: syntax error at or near \"seq_tagdef_id\"\n  Position: 23] [select next value for seq_tagdef_id], could not extract ResultSet [ERROR: syntax error at or near \"seq_tagdef_id\"\n  Position: 23] [select next value for seq_tagdef_id], could not extract ResultSet [ERROR: syntax error at or near \"seq_tagdef_id\"\n  Position: 23] [select next value for seq_tagdef_id], could not extract ResultSet [ERROR: syntax error at or near \"seq_tagdef_id\"\n  Position: 23] [select next value for seq_tagdef_id], could not extract ResultSet [ERROR: syntax error at or near \"seq_tagdef_id\"\n  Position: 23] [select next value for seq_tagdef_id], could not extract ResultSet [ERROR: syntax error at or near \"seq_tagdef_id\"\n  Position: 23] [select next value for seq_tagdef_id], could not extract ResultSet [ERROR: syntax error at or near \"seq_tagdef_id\"\n  Position: 23] [select next value for seq_tagdef_id], could not extract ResultSet [ERROR: syntax error at or near \"seq_tagdef_id\"\n  Position: 23] [select next value for seq_tagdef_id], could not extract ResultSet [ERROR: syntax error at or near \"seq_tagdef_id\"\n  Position: 23] [select next value for seq_tagdef_id], could not extract ResultSet [ERROR: syntax error at or near \"seq_tagdef_id\"\n  Position: 23] [select next value for seq_tagdef_id]"
  } ]
}
[2025-11-13T13:09:13.225+0000] {carga_pacientes_dag.py:143} INFO - Carga finalizada. Sucessos: 0, Falhas: 50
[2025-11-13T13:09:13.225+0000] {taskinstance.py:2698} ERROR - Task failed with exception
Traceback (most recent call last):
  File "/home/airflow/.local/lib/python3.8/site-packages/airflow/models/taskinstance.py", line 433, in _execute_task
    result = execute_callable(context=context, **execute_callable_kwargs)
  File "/home/airflow/.local/lib/python3.8/site-packages/airflow/decorators/base.py", line 241, in execute
    return_value = super().execute(context)
  File "/home/airflow/.local/lib/python3.8/site-packages/airflow/operators/python.py", line 199, in execute
    return_value = self.execute_callable()
  File "/home/airflow/.local/lib/python3.8/site-packages/airflow/operators/python.py", line 216, in execute_callable
    return self.python_callable(*self.op_args, **self.op_kwargs)
  File "/opt/airflow/dags/carga_pacientes_dag.py", line 145, in etl_pacientes_csv_para_fhir
    raise Exception(f"{falhas} registros falharam ao carregar.")
Exception: 50 registros falharam ao carregar.
[2025-11-13T13:09:13.231+0000] {taskinstance.py:1138} INFO - Marking task as FAILED. dag_id=carga_pacientes_fhir_bonus_v1, task_id=etl_pacientes_csv_para_fhir, execution_date=20251113T125335, start_date=20251113T130912, end_date=20251113T130913
[2025-11-13T13:09:13.248+0000] {standard_task_runner.py:107} ERROR - Failed to execute job 6 for task etl_pacientes_csv_para_fhir (50 registros falharam ao carregar.; 337)
[2025-11-13T13:09:13.280+0000] {local_task_job_runner.py:234} INFO - Task exited with return code 1
[2025-11-13T13:09:13.294+0000] {taskinstance.py:3280} INFO - 0 downstream tasks scheduled from follow-on schedule check
